{
  "/Users/davidmoritz/Code/react-native/rivalry-club/rivalry-club-expo/src/axios/api.ts": {
    "path": "/Users/davidmoritz/Code/react-native/rivalry-club/rivalry-club-expo/src/axios/api.ts",
    "statementMap": {
      "0": {
        "start": { "line": 3, "column": 27 },
        "end": { "line": 8, "column": 2 }
      }
    },
    "fnMap": {},
    "branchMap": {},
    "s": { "0": 1 },
    "f": {},
    "b": {},
    "_coverageSchema": "1a1c01bbd47fc00a2c39e90264f33305004495a9",
    "hash": "a73b481af1b82ce5ad4fc81577e0108877ed6783"
  },
  "/Users/davidmoritz/Code/react-native/rivalry-club/rivalry-club-expo/src/axios/mutations.ts": {
    "path": "/Users/davidmoritz/Code/react-native/rivalry-club/rivalry-club-expo/src/axios/mutations.ts",
    "statementMap": {
      "0": {
        "start": { "line": 15, "column": 34 },
        "end": { "line": 27, "column": 1 }
      },
      "1": {
        "start": { "line": 20, "column": 19 },
        "end": { "line": 24, "column": 4 }
      },
      "2": {
        "start": { "line": 26, "column": 2 },
        "end": { "line": 26, "column": 23 }
      }
    },
    "fnMap": {
      "0": {
        "name": "(anonymous_0)",
        "decl": {
          "start": { "line": 15, "column": 34 },
          "end": { "line": 15, "column": 35 }
        },
        "loc": {
          "start": { "line": 19, "column": 64 },
          "end": { "line": 27, "column": 1 }
        },
        "line": 19
      }
    },
    "branchMap": {},
    "s": { "0": 1, "1": 0, "2": 0 },
    "f": { "0": 0 },
    "b": {},
    "_coverageSchema": "1a1c01bbd47fc00a2c39e90264f33305004495a9",
    "hash": "8cc17db3698d2bd4e491ec3a2f09b83928bbfcaf"
  },
  "/Users/davidmoritz/Code/react-native/rivalry-club/rivalry-club-expo/src/components/common/Button.tsx": {
    "path": "/Users/davidmoritz/Code/react-native/rivalry-club/rivalry-club-expo/src/components/common/Button.tsx",
    "statementMap": {
      "0": {
        "start": { "line": 26, "column": 2 },
        "end": { "line": 56, "column": 4 }
      }
    },
    "fnMap": {
      "0": {
        "name": "Button",
        "decl": {
          "start": { "line": 16, "column": 16 },
          "end": { "line": 16, "column": 22 }
        },
        "loc": {
          "start": { "line": 25, "column": 16 },
          "end": { "line": 57, "column": 1 }
        },
        "line": 25
      }
    },
    "branchMap": {
      "0": {
        "loc": {
          "start": { "line": 18, "column": 2 },
          "end": { "line": 18, "column": 18 }
        },
        "type": "default-arg",
        "locations": [
          {
            "start": { "line": 18, "column": 13 },
            "end": { "line": 18, "column": 18 }
          }
        ],
        "line": 18
      },
      "1": {
        "loc": {
          "start": { "line": 30, "column": 8 },
          "end": { "line": 30, "column": 32 }
        },
        "type": "binary-expr",
        "locations": [
          {
            "start": { "line": 30, "column": 8 },
            "end": { "line": 30, "column": 16 }
          },
          {
            "start": { "line": 30, "column": 20 },
            "end": { "line": 30, "column": 32 }
          }
        ],
        "line": 30
      },
      "2": {
        "loc": {
          "start": { "line": 47, "column": 7 },
          "end": { "line": 47, "column": 33 }
        },
        "type": "binary-expr",
        "locations": [
          {
            "start": { "line": 47, "column": 7 },
            "end": { "line": 47, "column": 18 }
          },
          {
            "start": { "line": 47, "column": 22 },
            "end": { "line": 47, "column": 33 }
          }
        ],
        "line": 47
      },
      "3": {
        "loc": {
          "start": { "line": 54, "column": 7 },
          "end": { "line": 54, "column": 35 }
        },
        "type": "binary-expr",
        "locations": [
          {
            "start": { "line": 54, "column": 7 },
            "end": { "line": 54, "column": 19 }
          },
          {
            "start": { "line": 54, "column": 23 },
            "end": { "line": 54, "column": 35 }
          }
        ],
        "line": 54
      }
    },
    "s": { "0": 0 },
    "f": { "0": 0 },
    "b": { "0": [0], "1": [0, 0], "2": [0, 0], "3": [0, 0] },
    "_coverageSchema": "1a1c01bbd47fc00a2c39e90264f33305004495a9",
    "hash": "435d4e462214f7c8678b32951706dbd3be5d7d91"
  },
  "/Users/davidmoritz/Code/react-native/rivalry-club/rivalry-club-expo/src/components/common/CharacterDisplay.tsx": {
    "path": "/Users/davidmoritz/Code/react-native/rivalry-club/rivalry-club-expo/src/components/common/CharacterDisplay.tsx",
    "statementMap": {
      "0": {
        "start": { "line": 25, "column": 2 },
        "end": { "line": 27, "column": 3 }
      },
      "1": {
        "start": { "line": 26, "column": 4 },
        "end": { "line": 26, "column": 16 }
      },
      "2": {
        "start": { "line": 29, "column": 23 },
        "end": { "line": 29, "column": 47 }
      },
      "3": {
        "start": { "line": 30, "column": 24 },
        "end": { "line": 30, "column": 37 }
      },
      "4": {
        "start": { "line": 31, "column": 23 },
        "end": { "line": 31, "column": 45 }
      },
      "5": {
        "start": { "line": 33, "column": 2 },
        "end": { "line": 61, "column": 4 }
      }
    },
    "fnMap": {
      "0": {
        "name": "CharacterDisplay",
        "decl": {
          "start": { "line": 24, "column": 16 },
          "end": { "line": 24, "column": 32 }
        },
        "loc": {
          "start": { "line": 24, "column": 121 },
          "end": { "line": 62, "column": 1 }
        },
        "line": 24
      }
    },
    "branchMap": {
      "0": {
        "loc": {
          "start": { "line": 25, "column": 2 },
          "end": { "line": 27, "column": 3 }
        },
        "type": "if",
        "locations": [
          {
            "start": { "line": 25, "column": 2 },
            "end": { "line": 27, "column": 3 }
          },
          { "start": {}, "end": {} }
        ],
        "line": 25
      },
      "1": {
        "loc": {
          "start": { "line": 30, "column": 24 },
          "end": { "line": 30, "column": 37 }
        },
        "type": "binary-expr",
        "locations": [
          {
            "start": { "line": 30, "column": 24 },
            "end": { "line": 30, "column": 30 }
          },
          {
            "start": { "line": 30, "column": 34 },
            "end": { "line": 30, "column": 37 }
          }
        ],
        "line": 30
      },
      "2": {
        "loc": {
          "start": { "line": 31, "column": 23 },
          "end": { "line": 31, "column": 45 }
        },
        "type": "binary-expr",
        "locations": [
          {
            "start": { "line": 31, "column": 23 },
            "end": { "line": 31, "column": 28 }
          },
          {
            "start": { "line": 31, "column": 32 },
            "end": { "line": 31, "column": 38 }
          },
          {
            "start": { "line": 31, "column": 42 },
            "end": { "line": 31, "column": 45 }
          }
        ],
        "line": 31
      },
      "3": {
        "loc": {
          "start": { "line": 37, "column": 8 },
          "end": { "line": 45, "column": 33 }
        },
        "type": "cond-expr",
        "locations": [
          {
            "start": { "line": 38, "column": 12 },
            "end": { "line": 44, "column": 13 }
          },
          {
            "start": { "line": 45, "column": 12 },
            "end": { "line": 45, "column": 33 }
          }
        ],
        "line": 37
      },
      "4": {
        "loc": {
          "start": { "line": 37, "column": 8 },
          "end": { "line": 37, "column": 51 }
        },
        "type": "binary-expr",
        "locations": [
          {
            "start": { "line": 37, "column": 8 },
            "end": { "line": 37, "column": 28 }
          },
          {
            "start": { "line": 37, "column": 32 },
            "end": { "line": 37, "column": 51 }
          }
        ],
        "line": 37
      },
      "5": {
        "loc": {
          "start": { "line": 55, "column": 7 },
          "end": { "line": 59, "column": 7 }
        },
        "type": "binary-expr",
        "locations": [
          {
            "start": { "line": 55, "column": 7 },
            "end": { "line": 55, "column": 16 }
          },
          {
            "start": { "line": 56, "column": 8 },
            "end": { "line": 58, "column": 15 }
          }
        ],
        "line": 55
      }
    },
    "s": { "0": 16, "1": 2, "2": 14, "3": 14, "4": 14, "5": 14 },
    "f": { "0": 16 },
    "b": {
      "0": [2, 14],
      "1": [14, 4],
      "2": [14, 14, 4],
      "3": [10, 4],
      "4": [14, 4],
      "5": [14, 1]
    },
    "_coverageSchema": "1a1c01bbd47fc00a2c39e90264f33305004495a9",
    "hash": "1d2612b983372f49552ea83fc805398a4a22c954"
  },
  "/Users/davidmoritz/Code/react-native/rivalry-club/rivalry-club-expo/src/components/common/ContestRow.tsx": {
    "path": "/Users/davidmoritz/Code/react-native/rivalry-club/rivalry-club-expo/src/components/common/ContestRow.tsx",
    "statementMap": {
      "0": {
        "start": { "line": 19, "column": 46 },
        "end": { "line": 19, "column": 66 }
      },
      "1": {
        "start": { "line": 20, "column": 34 },
        "end": { "line": 20, "column": 49 }
      },
      "2": {
        "start": { "line": 21, "column": 34 },
        "end": { "line": 21, "column": 49 }
      },
      "3": {
        "start": { "line": 23, "column": 2 },
        "end": { "line": 27, "column": 27 }
      },
      "4": {
        "start": { "line": 24, "column": 4 },
        "end": { "line": 24, "column": 36 }
      },
      "5": {
        "start": { "line": 24, "column": 29 },
        "end": { "line": 24, "column": 36 }
      },
      "6": {
        "start": { "line": 26, "column": 4 },
        "end": { "line": 26, "column": 54 }
      },
      "7": {
        "start": { "line": 29, "column": 2 },
        "end": { "line": 39, "column": 31 }
      },
      "8": {
        "start": { "line": 30, "column": 22 },
        "end": { "line": 32, "column": 5 }
      },
      "9": {
        "start": { "line": 31, "column": 24 },
        "end": { "line": 31, "column": 65 }
      },
      "10": {
        "start": { "line": 33, "column": 22 },
        "end": { "line": 35, "column": 5 }
      },
      "11": {
        "start": { "line": 34, "column": 24 },
        "end": { "line": 34, "column": 65 }
      },
      "12": {
        "start": { "line": 37, "column": 4 },
        "end": { "line": 37, "column": 71 }
      },
      "13": {
        "start": { "line": 38, "column": 4 },
        "end": { "line": 38, "column": 71 }
      },
      "14": {
        "start": { "line": 41, "column": 2 },
        "end": { "line": 41, "column": 62 }
      },
      "15": {
        "start": { "line": 41, "column": 50 },
        "end": { "line": 41, "column": 62 }
      },
      "16": {
        "start": { "line": 43, "column": 2 },
        "end": { "line": 45, "column": 3 }
      },
      "17": {
        "start": { "line": 44, "column": 4 },
        "end": { "line": 44, "column": 37 }
      },
      "18": {
        "start": { "line": 47, "column": 2 },
        "end": { "line": 62, "column": 4 }
      }
    },
    "fnMap": {
      "0": {
        "name": "ContestRow",
        "decl": {
          "start": { "line": 18, "column": 16 },
          "end": { "line": 18, "column": 26 }
        },
        "loc": {
          "start": { "line": 18, "column": 78 },
          "end": { "line": 63, "column": 1 }
        },
        "line": 18
      },
      "1": {
        "name": "(anonymous_1)",
        "decl": {
          "start": { "line": 23, "column": 12 },
          "end": { "line": 23, "column": 13 }
        },
        "loc": {
          "start": { "line": 23, "column": 18 },
          "end": { "line": 27, "column": 3 }
        },
        "line": 23
      },
      "2": {
        "name": "(anonymous_2)",
        "decl": {
          "start": { "line": 29, "column": 12 },
          "end": { "line": 29, "column": 13 }
        },
        "loc": {
          "start": { "line": 29, "column": 18 },
          "end": { "line": 39, "column": 3 }
        },
        "line": 29
      },
      "3": {
        "name": "(anonymous_3)",
        "decl": {
          "start": { "line": 31, "column": 6 },
          "end": { "line": 31, "column": 7 }
        },
        "loc": {
          "start": { "line": 31, "column": 24 },
          "end": { "line": 31, "column": 65 }
        },
        "line": 31
      },
      "4": {
        "name": "(anonymous_4)",
        "decl": {
          "start": { "line": 34, "column": 6 },
          "end": { "line": 34, "column": 7 }
        },
        "loc": {
          "start": { "line": 34, "column": 24 },
          "end": { "line": 34, "column": 65 }
        },
        "line": 34
      }
    },
    "branchMap": {
      "0": {
        "loc": {
          "start": { "line": 24, "column": 4 },
          "end": { "line": 24, "column": 36 }
        },
        "type": "if",
        "locations": [
          {
            "start": { "line": 24, "column": 4 },
            "end": { "line": 24, "column": 36 }
          },
          { "start": {}, "end": {} }
        ],
        "line": 24
      },
      "1": {
        "loc": {
          "start": { "line": 37, "column": 42 },
          "end": { "line": 37, "column": 68 }
        },
        "type": "binary-expr",
        "locations": [
          {
            "start": { "line": 37, "column": 42 },
            "end": { "line": 37, "column": 62 }
          },
          {
            "start": { "line": 37, "column": 66 },
            "end": { "line": 37, "column": 68 }
          }
        ],
        "line": 37
      },
      "2": {
        "loc": {
          "start": { "line": 38, "column": 42 },
          "end": { "line": 38, "column": 68 }
        },
        "type": "binary-expr",
        "locations": [
          {
            "start": { "line": 38, "column": 42 },
            "end": { "line": 38, "column": 62 }
          },
          {
            "start": { "line": 38, "column": 66 },
            "end": { "line": 38, "column": 68 }
          }
        ],
        "line": 38
      },
      "3": {
        "loc": {
          "start": { "line": 41, "column": 2 },
          "end": { "line": 41, "column": 62 }
        },
        "type": "if",
        "locations": [
          {
            "start": { "line": 41, "column": 2 },
            "end": { "line": 41, "column": 62 }
          },
          { "start": {}, "end": {} }
        ],
        "line": 41
      },
      "4": {
        "loc": {
          "start": { "line": 41, "column": 8 },
          "end": { "line": 41, "column": 47 }
        },
        "type": "binary-expr",
        "locations": [
          {
            "start": { "line": 41, "column": 8 },
            "end": { "line": 41, "column": 23 }
          },
          {
            "start": { "line": 41, "column": 27 },
            "end": { "line": 41, "column": 35 }
          },
          {
            "start": { "line": 41, "column": 39 },
            "end": { "line": 41, "column": 47 }
          }
        ],
        "line": 41
      },
      "5": {
        "loc": {
          "start": { "line": 43, "column": 2 },
          "end": { "line": 45, "column": 3 }
        },
        "type": "if",
        "locations": [
          {
            "start": { "line": 43, "column": 2 },
            "end": { "line": 45, "column": 3 }
          },
          { "start": {}, "end": {} }
        ],
        "line": 43
      },
      "6": {
        "loc": {
          "start": { "line": 52, "column": 40 },
          "end": { "line": 52, "column": 88 }
        },
        "type": "cond-expr",
        "locations": [
          {
            "start": { "line": 52, "column": 61 },
            "end": { "line": 52, "column": 81 }
          },
          {
            "start": { "line": 52, "column": 84 },
            "end": { "line": 52, "column": 88 }
          }
        ],
        "line": 52
      },
      "7": {
        "loc": {
          "start": { "line": 53, "column": 35 },
          "end": { "line": 53, "column": 61 }
        },
        "type": "cond-expr",
        "locations": [
          {
            "start": { "line": 53, "column": 42 },
            "end": { "line": 53, "column": 50 }
          },
          {
            "start": { "line": 53, "column": 53 },
            "end": { "line": 53, "column": 61 }
          }
        ],
        "line": 53
      },
      "8": {
        "loc": {
          "start": { "line": 58, "column": 40 },
          "end": { "line": 58, "column": 88 }
        },
        "type": "cond-expr",
        "locations": [
          {
            "start": { "line": 58, "column": 61 },
            "end": { "line": 58, "column": 81 }
          },
          {
            "start": { "line": 58, "column": 84 },
            "end": { "line": 58, "column": 88 }
          }
        ],
        "line": 58
      },
      "9": {
        "loc": {
          "start": { "line": 59, "column": 35 },
          "end": { "line": 59, "column": 61 }
        },
        "type": "cond-expr",
        "locations": [
          {
            "start": { "line": 59, "column": 42 },
            "end": { "line": 59, "column": 50 }
          },
          {
            "start": { "line": 59, "column": 53 },
            "end": { "line": 59, "column": 61 }
          }
        ],
        "line": 59
      }
    },
    "s": {
      "0": 4,
      "1": 4,
      "2": 4,
      "3": 4,
      "4": 2,
      "5": 0,
      "6": 2,
      "7": 4,
      "8": 2,
      "9": 0,
      "10": 2,
      "11": 0,
      "12": 2,
      "13": 2,
      "14": 4,
      "15": 4,
      "16": 0,
      "17": 0,
      "18": 0
    },
    "f": { "0": 4, "1": 2, "2": 2, "3": 0, "4": 0 },
    "b": {
      "0": [0, 2],
      "1": [2, 2],
      "2": [2, 2],
      "3": [4, 0],
      "4": [4, 2, 0],
      "5": [0, 0],
      "6": [0, 0],
      "7": [0, 0],
      "8": [0, 0],
      "9": [0, 0]
    },
    "_coverageSchema": "1a1c01bbd47fc00a2c39e90264f33305004495a9",
    "hash": "8d0607a9075c5867638f83422941878675402469"
  },
  "/Users/davidmoritz/Code/react-native/rivalry-club/rivalry-club-expo/src/components/common/HamburgerMenu.tsx": {
    "path": "/Users/davidmoritz/Code/react-native/rivalry-club/rivalry-club-expo/src/components/common/HamburgerMenu.tsx",
    "statementMap": {
      "0": {
        "start": { "line": 9, "column": 17 },
        "end": { "line": 9, "column": 28 }
      },
      "1": {
        "start": { "line": 10, "column": 40 },
        "end": { "line": 10, "column": 55 }
      },
      "2": {
        "start": { "line": 12, "column": 24 },
        "end": { "line": 23, "column": 3 }
      },
      "3": {
        "start": { "line": 13, "column": 4 },
        "end": { "line": 22, "column": 5 }
      },
      "4": {
        "start": { "line": 15, "column": 6 },
        "end": { "line": 15, "column": 36 }
      },
      "5": {
        "start": { "line": 17, "column": 6 },
        "end": { "line": 17, "column": 28 }
      },
      "6": {
        "start": { "line": 19, "column": 6 },
        "end": { "line": 19, "column": 26 }
      },
      "7": {
        "start": { "line": 21, "column": 6 },
        "end": { "line": 21, "column": 49 }
      },
      "8": {
        "start": { "line": 25, "column": 21 },
        "end": { "line": 28, "column": 3 }
      },
      "9": {
        "start": { "line": 26, "column": 4 },
        "end": { "line": 26, "column": 26 }
      },
      "10": {
        "start": { "line": 27, "column": 4 },
        "end": { "line": 27, "column": 18 }
      },
      "11": {
        "start": { "line": 30, "column": 26 },
        "end": { "line": 33, "column": 3 }
      },
      "12": {
        "start": { "line": 31, "column": 4 },
        "end": { "line": 31, "column": 26 }
      },
      "13": {
        "start": { "line": 32, "column": 4 },
        "end": { "line": 32, "column": 30 }
      },
      "14": {
        "start": { "line": 35, "column": 24 },
        "end": { "line": 38, "column": 3 }
      },
      "15": {
        "start": { "line": 36, "column": 4 },
        "end": { "line": 36, "column": 26 }
      },
      "16": {
        "start": { "line": 37, "column": 4 },
        "end": { "line": 37, "column": 28 }
      },
      "17": {
        "start": { "line": 40, "column": 33 },
        "end": { "line": 43, "column": 3 }
      },
      "18": {
        "start": { "line": 41, "column": 4 },
        "end": { "line": 41, "column": 26 }
      },
      "19": {
        "start": { "line": 42, "column": 4 },
        "end": { "line": 42, "column": 28 }
      },
      "20": {
        "start": { "line": 45, "column": 2 },
        "end": { "line": 167, "column": 4 }
      },
      "21": {
        "start": { "line": 48, "column": 23 },
        "end": { "line": 48, "column": 43 }
      },
      "22": {
        "start": { "line": 66, "column": 30 },
        "end": { "line": 66, "column": 51 }
      },
      "23": {
        "start": { "line": 73, "column": 25 },
        "end": { "line": 73, "column": 46 }
      }
    },
    "fnMap": {
      "0": {
        "name": "HamburgerMenu",
        "decl": {
          "start": { "line": 8, "column": 16 },
          "end": { "line": 8, "column": 29 }
        },
        "loc": {
          "start": { "line": 8, "column": 32 },
          "end": { "line": 168, "column": 1 }
        },
        "line": 8
      },
      "1": {
        "name": "(anonymous_1)",
        "decl": {
          "start": { "line": 12, "column": 24 },
          "end": { "line": 12, "column": 25 }
        },
        "loc": {
          "start": { "line": 12, "column": 36 },
          "end": { "line": 23, "column": 3 }
        },
        "line": 12
      },
      "2": {
        "name": "(anonymous_2)",
        "decl": {
          "start": { "line": 25, "column": 21 },
          "end": { "line": 25, "column": 22 }
        },
        "loc": {
          "start": { "line": 25, "column": 27 },
          "end": { "line": 28, "column": 3 }
        },
        "line": 25
      },
      "3": {
        "name": "(anonymous_3)",
        "decl": {
          "start": { "line": 30, "column": 26 },
          "end": { "line": 30, "column": 27 }
        },
        "loc": {
          "start": { "line": 30, "column": 32 },
          "end": { "line": 33, "column": 3 }
        },
        "line": 30
      },
      "4": {
        "name": "(anonymous_4)",
        "decl": {
          "start": { "line": 35, "column": 24 },
          "end": { "line": 35, "column": 25 }
        },
        "loc": {
          "start": { "line": 35, "column": 30 },
          "end": { "line": 38, "column": 3 }
        },
        "line": 35
      },
      "5": {
        "name": "(anonymous_5)",
        "decl": {
          "start": { "line": 40, "column": 33 },
          "end": { "line": 40, "column": 34 }
        },
        "loc": {
          "start": { "line": 40, "column": 39 },
          "end": { "line": 43, "column": 3 }
        },
        "line": 40
      },
      "6": {
        "name": "(anonymous_6)",
        "decl": {
          "start": { "line": 48, "column": 17 },
          "end": { "line": 48, "column": 18 }
        },
        "loc": {
          "start": { "line": 48, "column": 23 },
          "end": { "line": 48, "column": 43 }
        },
        "line": 48
      },
      "7": {
        "name": "(anonymous_7)",
        "decl": {
          "start": { "line": 66, "column": 24 },
          "end": { "line": 66, "column": 25 }
        },
        "loc": {
          "start": { "line": 66, "column": 30 },
          "end": { "line": 66, "column": 51 }
        },
        "line": 66
      },
      "8": {
        "name": "(anonymous_8)",
        "decl": {
          "start": { "line": 73, "column": 19 },
          "end": { "line": 73, "column": 20 }
        },
        "loc": {
          "start": { "line": 73, "column": 25 },
          "end": { "line": 73, "column": 46 }
        },
        "line": 73
      }
    },
    "branchMap": {},
    "s": {
      "0": 6,
      "1": 6,
      "2": 6,
      "3": 0,
      "4": 0,
      "5": 0,
      "6": 0,
      "7": 0,
      "8": 6,
      "9": 0,
      "10": 0,
      "11": 6,
      "12": 0,
      "13": 0,
      "14": 6,
      "15": 0,
      "16": 0,
      "17": 6,
      "18": 0,
      "19": 0,
      "20": 6,
      "21": 0,
      "22": 0,
      "23": 0
    },
    "f": {
      "0": 6,
      "1": 0,
      "2": 0,
      "3": 0,
      "4": 0,
      "5": 0,
      "6": 0,
      "7": 0,
      "8": 0
    },
    "b": {},
    "_coverageSchema": "1a1c01bbd47fc00a2c39e90264f33305004495a9",
    "hash": "ec2970cce44a3f1af37e4c77697dc8e112d30c86"
  },
  "/Users/davidmoritz/Code/react-native/rivalry-club/rivalry-club-expo/src/components/screens/Access.tsx": {
    "path": "/Users/davidmoritz/Code/react-native/rivalry-club/rivalry-club-expo/src/components/screens/Access.tsx",
    "statementMap": {
      "0": {
        "start": { "line": 15, "column": 2 },
        "end": { "line": 15, "column": 26 }
      }
    },
    "fnMap": {
      "0": {
        "name": "Access",
        "decl": {
          "start": { "line": 14, "column": 16 },
          "end": { "line": 14, "column": 22 }
        },
        "loc": {
          "start": { "line": 14, "column": 54 },
          "end": { "line": 16, "column": 1 }
        },
        "line": 14
      }
    },
    "branchMap": {},
    "s": { "0": 0 },
    "f": { "0": 0 },
    "b": {}
  },
  "/Users/davidmoritz/Code/react-native/rivalry-club/rivalry-club-expo/src/components/screens/Auth.tsx": {
    "path": "/Users/davidmoritz/Code/react-native/rivalry-club/rivalry-club-expo/src/components/screens/Auth.tsx",
    "statementMap": {
      "0": {
        "start": { "line": 13, "column": 28 },
        "end": { "line": 13, "column": 40 }
      },
      "1": {
        "start": { "line": 14, "column": 34 },
        "end": { "line": 14, "column": 46 }
      },
      "2": {
        "start": { "line": 15, "column": 48 },
        "end": { "line": 15, "column": 60 }
      },
      "3": {
        "start": { "line": 16, "column": 34 },
        "end": { "line": 16, "column": 49 }
      },
      "4": {
        "start": { "line": 17, "column": 28 },
        "end": { "line": 17, "column": 57 }
      },
      "5": {
        "start": { "line": 18, "column": 32 },
        "end": { "line": 18, "column": 47 }
      },
      "6": {
        "start": { "line": 21, "column": 2 },
        "end": { "line": 23, "column": 9 }
      },
      "7": {
        "start": { "line": 22, "column": 4 },
        "end": { "line": 22, "column": 22 }
      },
      "8": {
        "start": { "line": 26, "column": 4 },
        "end": { "line": 36, "column": 5 }
      },
      "9": {
        "start": { "line": 29, "column": 10 },
        "end": { "line": 29, "column": 42 }
      },
      "10": {
        "start": { "line": 31, "column": 6 },
        "end": { "line": 33, "column": 7 }
      },
      "11": {
        "start": { "line": 32, "column": 8 },
        "end": { "line": 32, "column": 24 }
      },
      "12": {
        "start": { "line": 35, "column": 6 },
        "end": { "line": 35, "column": 63 }
      },
      "13": {
        "start": { "line": 40, "column": 4 },
        "end": { "line": 40, "column": 19 }
      },
      "14": {
        "start": { "line": 41, "column": 4 },
        "end": { "line": 41, "column": 21 }
      },
      "15": {
        "start": { "line": 43, "column": 4 },
        "end": { "line": 62, "column": 5 }
      },
      "16": {
        "start": { "line": 44, "column": 43 },
        "end": { "line": 47, "column": 8 }
      },
      "17": {
        "start": { "line": 49, "column": 6 },
        "end": { "line": 52, "column": 7 }
      },
      "18": {
        "start": { "line": 50, "column": 8 },
        "end": { "line": 50, "column": 38 }
      },
      "19": {
        "start": { "line": 51, "column": 8 },
        "end": { "line": 51, "column": 15 }
      },
      "20": {
        "start": { "line": 54, "column": 6 },
        "end": { "line": 56, "column": 7 }
      },
      "21": {
        "start": { "line": 55, "column": 8 },
        "end": { "line": 55, "column": 24 }
      },
      "22": {
        "start": { "line": 58, "column": 6 },
        "end": { "line": 58, "column": 61 }
      },
      "23": {
        "start": { "line": 59, "column": 6 },
        "end": { "line": 59, "column": 68 }
      },
      "24": {
        "start": { "line": 61, "column": 6 },
        "end": { "line": 61, "column": 24 }
      },
      "25": {
        "start": { "line": 66, "column": 4 },
        "end": { "line": 69, "column": 5 }
      },
      "26": {
        "start": { "line": 67, "column": 6 },
        "end": { "line": 67, "column": 41 }
      },
      "27": {
        "start": { "line": 68, "column": 6 },
        "end": { "line": 68, "column": 13 }
      },
      "28": {
        "start": { "line": 71, "column": 4 },
        "end": { "line": 71, "column": 19 }
      },
      "29": {
        "start": { "line": 72, "column": 4 },
        "end": { "line": 72, "column": 21 }
      },
      "30": {
        "start": { "line": 74, "column": 4 },
        "end": { "line": 100, "column": 5 }
      },
      "31": {
        "start": { "line": 75, "column": 43 },
        "end": { "line": 78, "column": 8 }
      },
      "32": {
        "start": { "line": 80, "column": 6 },
        "end": { "line": 83, "column": 7 }
      },
      "33": {
        "start": { "line": 81, "column": 8 },
        "end": { "line": 81, "column": 38 }
      },
      "34": {
        "start": { "line": 82, "column": 8 },
        "end": { "line": 82, "column": 15 }
      },
      "35": {
        "start": { "line": 87, "column": 6 },
        "end": { "line": 94, "column": 7 }
      },
      "36": {
        "start": { "line": 88, "column": 8 },
        "end": { "line": 88, "column": 24 }
      },
      "37": {
        "start": { "line": 90, "column": 8 },
        "end": { "line": 92, "column": 10 }
      },
      "38": {
        "start": { "line": 93, "column": 8 },
        "end": { "line": 93, "column": 27 }
      },
      "39": {
        "start": { "line": 96, "column": 6 },
        "end": { "line": 96, "column": 61 }
      },
      "40": {
        "start": { "line": 97, "column": 6 },
        "end": { "line": 97, "column": 68 }
      },
      "41": {
        "start": { "line": 99, "column": 6 },
        "end": { "line": 99, "column": 24 }
      },
      "42": {
        "start": { "line": 103, "column": 2 },
        "end": { "line": 230, "column": 4 }
      },
      "43": {
        "start": { "line": 219, "column": 12 },
        "end": { "line": 219, "column": 35 }
      },
      "44": {
        "start": { "line": 220, "column": 12 },
        "end": { "line": 220, "column": 27 }
      }
    },
    "fnMap": {
      "0": {
        "name": "Auth",
        "decl": {
          "start": { "line": 12, "column": 16 },
          "end": { "line": 12, "column": 20 }
        },
        "loc": {
          "start": { "line": 12, "column": 51 },
          "end": { "line": 231, "column": 1 }
        },
        "line": 12
      },
      "1": {
        "name": "(anonymous_1)",
        "decl": {
          "start": { "line": 21, "column": 12 },
          "end": { "line": 21, "column": 13 }
        },
        "loc": {
          "start": { "line": 21, "column": 18 },
          "end": { "line": 23, "column": 3 }
        },
        "line": 21
      },
      "2": {
        "name": "checkAuthStatus",
        "decl": {
          "start": { "line": 25, "column": 17 },
          "end": { "line": 25, "column": 32 }
        },
        "loc": {
          "start": { "line": 25, "column": 35 },
          "end": { "line": 37, "column": 3 }
        },
        "line": 25
      },
      "3": {
        "name": "handleSignIn",
        "decl": {
          "start": { "line": 39, "column": 17 },
          "end": { "line": 39, "column": 29 }
        },
        "loc": {
          "start": { "line": 39, "column": 32 },
          "end": { "line": 63, "column": 3 }
        },
        "line": 39
      },
      "4": {
        "name": "handleSignUp",
        "decl": {
          "start": { "line": 65, "column": 17 },
          "end": { "line": 65, "column": 29 }
        },
        "loc": {
          "start": { "line": 65, "column": 32 },
          "end": { "line": 101, "column": 3 }
        },
        "line": 65
      },
      "5": {
        "name": "(anonymous_5)",
        "decl": {
          "start": { "line": 218, "column": 19 },
          "end": { "line": 218, "column": 20 }
        },
        "loc": {
          "start": { "line": 218, "column": 25 },
          "end": { "line": 221, "column": 11 }
        },
        "line": 218
      }
    },
    "branchMap": {
      "0": {
        "loc": {
          "start": { "line": 31, "column": 6 },
          "end": { "line": 33, "column": 7 }
        },
        "type": "if",
        "locations": [
          {
            "start": { "line": 31, "column": 6 },
            "end": { "line": 33, "column": 7 }
          },
          { "start": {}, "end": {} }
        ],
        "line": 31
      },
      "1": {
        "loc": {
          "start": { "line": 49, "column": 6 },
          "end": { "line": 52, "column": 7 }
        },
        "type": "if",
        "locations": [
          {
            "start": { "line": 49, "column": 6 },
            "end": { "line": 52, "column": 7 }
          },
          { "start": {}, "end": {} }
        ],
        "line": 49
      },
      "2": {
        "loc": {
          "start": { "line": 54, "column": 6 },
          "end": { "line": 56, "column": 7 }
        },
        "type": "if",
        "locations": [
          {
            "start": { "line": 54, "column": 6 },
            "end": { "line": 56, "column": 7 }
          },
          { "start": {}, "end": {} }
        ],
        "line": 54
      },
      "3": {
        "loc": {
          "start": { "line": 59, "column": 15 },
          "end": { "line": 59, "column": 66 }
        },
        "type": "binary-expr",
        "locations": [
          {
            "start": { "line": 59, "column": 15 },
            "end": { "line": 59, "column": 27 }
          },
          {
            "start": { "line": 59, "column": 31 },
            "end": { "line": 59, "column": 66 }
          }
        ],
        "line": 59
      },
      "4": {
        "loc": {
          "start": { "line": 66, "column": 4 },
          "end": { "line": 69, "column": 5 }
        },
        "type": "if",
        "locations": [
          {
            "start": { "line": 66, "column": 4 },
            "end": { "line": 69, "column": 5 }
          },
          { "start": {}, "end": {} }
        ],
        "line": 66
      },
      "5": {
        "loc": {
          "start": { "line": 80, "column": 6 },
          "end": { "line": 83, "column": 7 }
        },
        "type": "if",
        "locations": [
          {
            "start": { "line": 80, "column": 6 },
            "end": { "line": 83, "column": 7 }
          },
          { "start": {}, "end": {} }
        ],
        "line": 80
      },
      "6": {
        "loc": {
          "start": { "line": 87, "column": 6 },
          "end": { "line": 94, "column": 7 }
        },
        "type": "if",
        "locations": [
          {
            "start": { "line": 87, "column": 6 },
            "end": { "line": 94, "column": 7 }
          },
          {
            "start": { "line": 89, "column": 13 },
            "end": { "line": 94, "column": 7 }
          }
        ],
        "line": 87
      },
      "7": {
        "loc": {
          "start": { "line": 97, "column": 15 },
          "end": { "line": 97, "column": 66 }
        },
        "type": "binary-expr",
        "locations": [
          {
            "start": { "line": 97, "column": 15 },
            "end": { "line": 97, "column": 27 }
          },
          {
            "start": { "line": 97, "column": 31 },
            "end": { "line": 97, "column": 66 }
          }
        ],
        "line": 97
      },
      "8": {
        "loc": {
          "start": { "line": 107, "column": 11 },
          "end": { "line": 107, "column": 43 }
        },
        "type": "cond-expr",
        "locations": [
          {
            "start": { "line": 107, "column": 22 },
            "end": { "line": 107, "column": 31 }
          },
          {
            "start": { "line": 107, "column": 34 },
            "end": { "line": 107, "column": 43 }
          }
        ],
        "line": 107
      },
      "9": {
        "loc": {
          "start": { "line": 161, "column": 9 },
          "end": { "line": 186, "column": 9 }
        },
        "type": "binary-expr",
        "locations": [
          {
            "start": { "line": 161, "column": 9 },
            "end": { "line": 161, "column": 17 }
          },
          {
            "start": { "line": 162, "column": 10 },
            "end": { "line": 185, "column": 17 }
          }
        ],
        "line": 161
      },
      "10": {
        "loc": {
          "start": { "line": 188, "column": 9 },
          "end": { "line": 192, "column": 9 }
        },
        "type": "binary-expr",
        "locations": [
          {
            "start": { "line": 188, "column": 9 },
            "end": { "line": 188, "column": 14 }
          },
          {
            "start": { "line": 189, "column": 10 },
            "end": { "line": 191, "column": 17 }
          }
        ],
        "line": 188
      },
      "11": {
        "loc": {
          "start": { "line": 208, "column": 19 },
          "end": { "line": 208, "column": 57 }
        },
        "type": "cond-expr",
        "locations": [
          {
            "start": { "line": 208, "column": 30 },
            "end": { "line": 208, "column": 42 }
          },
          {
            "start": { "line": 208, "column": 45 },
            "end": { "line": 208, "column": 57 }
          }
        ],
        "line": 208
      },
      "12": {
        "loc": {
          "start": { "line": 209, "column": 20 },
          "end": { "line": 209, "column": 50 }
        },
        "type": "binary-expr",
        "locations": [
          {
            "start": { "line": 209, "column": 20 },
            "end": { "line": 209, "column": 27 }
          },
          {
            "start": { "line": 209, "column": 31 },
            "end": { "line": 209, "column": 37 }
          },
          {
            "start": { "line": 209, "column": 41 },
            "end": { "line": 209, "column": 50 }
          }
        ],
        "line": 209
      },
      "13": {
        "loc": {
          "start": { "line": 210, "column": 42 },
          "end": { "line": 210, "column": 72 }
        },
        "type": "binary-expr",
        "locations": [
          {
            "start": { "line": 210, "column": 42 },
            "end": { "line": 210, "column": 49 }
          },
          {
            "start": { "line": 210, "column": 53 },
            "end": { "line": 210, "column": 59 }
          },
          {
            "start": { "line": 210, "column": 63 },
            "end": { "line": 210, "column": 72 }
          }
        ],
        "line": 210
      },
      "14": {
        "loc": {
          "start": { "line": 213, "column": 13 },
          "end": { "line": 213, "column": 70 }
        },
        "type": "cond-expr",
        "locations": [
          {
            "start": { "line": 213, "column": 23 },
            "end": { "line": 213, "column": 35 }
          },
          {
            "start": { "line": 213, "column": 38 },
            "end": { "line": 213, "column": 70 }
          }
        ],
        "line": 213
      },
      "15": {
        "loc": {
          "start": { "line": 213, "column": 38 },
          "end": { "line": 213, "column": 70 }
        },
        "type": "cond-expr",
        "locations": [
          {
            "start": { "line": 213, "column": 49 },
            "end": { "line": 213, "column": 58 }
          },
          {
            "start": { "line": 213, "column": 61 },
            "end": { "line": 213, "column": 70 }
          }
        ],
        "line": 213
      },
      "16": {
        "loc": {
          "start": { "line": 225, "column": 13 },
          "end": { "line": 225, "column": 93 }
        },
        "type": "cond-expr",
        "locations": [
          {
            "start": { "line": 225, "column": 24 },
            "end": { "line": 225, "column": 58 }
          },
          {
            "start": { "line": 225, "column": 61 },
            "end": { "line": 225, "column": 93 }
          }
        ],
        "line": 225
      }
    },
    "s": {
      "0": 10,
      "1": 10,
      "2": 10,
      "3": 10,
      "4": 10,
      "5": 10,
      "6": 10,
      "7": 6,
      "8": 6,
      "9": 6,
      "10": 6,
      "11": 0,
      "12": 0,
      "13": 0,
      "14": 0,
      "15": 0,
      "16": 0,
      "17": 0,
      "18": 0,
      "19": 0,
      "20": 0,
      "21": 0,
      "22": 0,
      "23": 0,
      "24": 0,
      "25": 0,
      "26": 0,
      "27": 0,
      "28": 0,
      "29": 0,
      "30": 0,
      "31": 0,
      "32": 0,
      "33": 0,
      "34": 0,
      "35": 0,
      "36": 0,
      "37": 0,
      "38": 0,
      "39": 0,
      "40": 0,
      "41": 0,
      "42": 10,
      "43": 3,
      "44": 3
    },
    "f": { "0": 10, "1": 6, "2": 6, "3": 0, "4": 0, "5": 3 },
    "b": {
      "0": [0, 6],
      "1": [0, 0],
      "2": [0, 0],
      "3": [0, 0],
      "4": [0, 0],
      "5": [0, 0],
      "6": [0, 0],
      "7": [0, 0],
      "8": [2, 8],
      "9": [10, 2],
      "10": [10, 0],
      "11": [2, 8],
      "12": [10, 10, 1],
      "13": [10, 10, 1],
      "14": [0, 10],
      "15": [2, 8],
      "16": [2, 8]
    },
    "_coverageSchema": "1a1c01bbd47fc00a2c39e90264f33305004495a9",
    "hash": "12b9b85390f2a307c5601c090775fc56b94fa7f5"
  },
  "/Users/davidmoritz/Code/react-native/rivalry-club/rivalry-club-expo/src/components/screens/AuthenticatedApp.tsx": {
    "path": "/Users/davidmoritz/Code/react-native/rivalry-club/rivalry-club-expo/src/components/screens/AuthenticatedApp.tsx",
    "statementMap": {
      "0": {
        "start": { "line": 15, "column": 2 },
        "end": { "line": 15, "column": 26 }
      }
    },
    "fnMap": {
      "0": {
        "name": "AuthenticatedApp",
        "decl": {
          "start": { "line": 14, "column": 16 },
          "end": { "line": 14, "column": 32 }
        },
        "loc": {
          "start": { "line": 14, "column": 74 },
          "end": { "line": 16, "column": 1 }
        },
        "line": 14
      }
    },
    "branchMap": {},
    "s": { "0": 0 },
    "f": { "0": 0 },
    "b": {}
  },
  "/Users/davidmoritz/Code/react-native/rivalry-club/rivalry-club-expo/src/components/screens/ConnectedRivalryView.tsx": {
    "path": "/Users/davidmoritz/Code/react-native/rivalry-club/rivalry-club-expo/src/components/screens/ConnectedRivalryView.tsx",
    "statementMap": {
      "0": {
        "start": { "line": 32, "column": 32 },
        "end": { "line": 32, "column": 50 }
      },
      "1": {
        "start": { "line": 33, "column": 18 },
        "end": { "line": 33, "column": 30 }
      },
      "2": {
        "start": { "line": 35, "column": 38 },
        "end": { "line": 35, "column": 62 }
      },
      "3": {
        "start": { "line": 36, "column": 54 },
        "end": { "line": 36, "column": 78 }
      },
      "4": {
        "start": { "line": 38, "column": 32 },
        "end": { "line": 40, "column": 4 }
      },
      "5": {
        "start": { "line": 42, "column": 43 },
        "end": { "line": 50, "column": 3 }
      },
      "6": {
        "start": { "line": 46, "column": 4 },
        "end": { "line": 46, "column": 25 }
      },
      "7": {
        "start": { "line": 46, "column": 18 },
        "end": { "line": 46, "column": 25 }
      },
      "8": {
        "start": { "line": 48, "column": 4 },
        "end": { "line": 48, "column": 35 }
      },
      "9": {
        "start": { "line": 49, "column": 4 },
        "end": { "line": 49, "column": 44 }
      },
      "10": {
        "start": { "line": 52, "column": 32 },
        "end": { "line": 69, "column": 4 }
      },
      "11": {
        "start": { "line": 55, "column": 6 },
        "end": { "line": 55, "column": 27 }
      },
      "12": {
        "start": { "line": 55, "column": 20 },
        "end": { "line": 55, "column": 27 }
      },
      "13": {
        "start": { "line": 60, "column": 30 },
        "end": { "line": 60, "column": 61 }
      },
      "14": {
        "start": { "line": 61, "column": 6 },
        "end": { "line": 61, "column": 45 }
      },
      "15": {
        "start": { "line": 62, "column": 6 },
        "end": { "line": 65, "column": 9 }
      },
      "16": {
        "start": { "line": 71, "column": 35 },
        "end": { "line": 74, "column": 4 }
      },
      "17": {
        "start": { "line": 76, "column": 35 },
        "end": { "line": 79, "column": 4 }
      },
      "18": {
        "start": { "line": 81, "column": 34 },
        "end": { "line": 100, "column": 4 }
      },
      "19": {
        "start": { "line": 84, "column": 6 },
        "end": { "line": 84, "column": 27 }
      },
      "20": {
        "start": { "line": 84, "column": 20 },
        "end": { "line": 84, "column": 27 }
      },
      "21": {
        "start": { "line": 86, "column": 6 },
        "end": { "line": 89, "column": 8 }
      },
      "22": {
        "start": { "line": 90, "column": 6 },
        "end": { "line": 93, "column": 8 }
      },
      "23": {
        "start": { "line": 95, "column": 6 },
        "end": { "line": 95, "column": 40 }
      },
      "24": {
        "start": { "line": 96, "column": 6 },
        "end": { "line": 96, "column": 40 }
      },
      "25": {
        "start": { "line": 98, "column": 6 },
        "end": { "line": 98, "column": 37 }
      },
      "26": {
        "start": { "line": 102, "column": 44 },
        "end": { "line": 102, "column": 76 }
      },
      "27": {
        "start": { "line": 104, "column": 33 },
        "end": { "line": 118, "column": 4 }
      },
      "28": {
        "start": { "line": 107, "column": 6 },
        "end": { "line": 107, "column": 71 }
      },
      "29": {
        "start": { "line": 107, "column": 64 },
        "end": { "line": 107, "column": 71 }
      },
      "30": {
        "start": { "line": 109, "column": 6 },
        "end": { "line": 111, "column": 7 }
      },
      "31": {
        "start": { "line": 110, "column": 8 },
        "end": { "line": 110, "column": 15 }
      },
      "32": {
        "start": { "line": 113, "column": 6 },
        "end": { "line": 113, "column": 68 }
      },
      "33": {
        "start": { "line": 114, "column": 6 },
        "end": { "line": 114, "column": 68 }
      },
      "34": {
        "start": { "line": 116, "column": 6 },
        "end": { "line": 116, "column": 39 }
      },
      "35": {
        "start": { "line": 121, "column": 4 },
        "end": { "line": 128, "column": 6 }
      },
      "36": {
        "start": { "line": 124, "column": 8 },
        "end": { "line": 124, "column": 29 }
      },
      "37": {
        "start": { "line": 124, "column": 22 },
        "end": { "line": 124, "column": 29 }
      },
      "38": {
        "start": { "line": 126, "column": 8 },
        "end": { "line": 126, "column": 48 }
      },
      "39": {
        "start": { "line": 131, "column": 4 },
        "end": { "line": 131, "column": 32 }
      },
      "40": {
        "start": { "line": 132, "column": 4 },
        "end": { "line": 132, "column": 25 }
      },
      "41": {
        "start": { "line": 134, "column": 4 },
        "end": { "line": 134, "column": 41 }
      },
      "42": {
        "start": { "line": 134, "column": 34 },
        "end": { "line": 134, "column": 41 }
      },
      "43": {
        "start": { "line": 136, "column": 25 },
        "end": { "line": 136, "column": 65 }
      },
      "44": {
        "start": { "line": 138, "column": 4 },
        "end": { "line": 148, "column": 5 }
      },
      "45": {
        "start": { "line": 143, "column": 6 },
        "end": { "line": 147, "column": 9 }
      },
      "46": {
        "start": { "line": 150, "column": 4 },
        "end": { "line": 160, "column": 5 }
      },
      "47": {
        "start": { "line": 155, "column": 6 },
        "end": { "line": 159, "column": 9 }
      },
      "48": {
        "start": { "line": 162, "column": 4 },
        "end": { "line": 162, "column": 29 }
      },
      "49": {
        "start": { "line": 164, "column": 4 },
        "end": { "line": 164, "column": 36 }
      },
      "50": {
        "start": { "line": 172, "column": 6 },
        "end": { "line": 179, "column": 4 }
      },
      "51": {
        "start": { "line": 175, "column": 6 },
        "end": { "line": 175, "column": 46 }
      },
      "52": {
        "start": { "line": 176, "column": 6 },
        "end": { "line": 176, "column": 35 }
      },
      "53": {
        "start": { "line": 177, "column": 6 },
        "end": { "line": 177, "column": 26 }
      },
      "54": {
        "start": { "line": 181, "column": 2 },
        "end": { "line": 185, "column": 28 }
      },
      "55": {
        "start": { "line": 182, "column": 4 },
        "end": { "line": 184, "column": 7 }
      },
      "56": {
        "start": { "line": 187, "column": 29 },
        "end": { "line": 189, "column": 3 }
      },
      "57": {
        "start": { "line": 188, "column": 4 },
        "end": { "line": 188, "column": 58 }
      },
      "58": {
        "start": { "line": 191, "column": 2 },
        "end": { "line": 274, "column": 4 }
      },
      "59": {
        "start": { "line": 267, "column": 12 },
        "end": { "line": 267, "column": 43 }
      }
    },
    "fnMap": {
      "0": {
        "name": "ConnectedRivalryView",
        "decl": {
          "start": { "line": 31, "column": 16 },
          "end": { "line": 31, "column": 36 }
        },
        "loc": {
          "start": { "line": 31, "column": 93 },
          "end": { "line": 275, "column": 1 }
        },
        "line": 31
      },
      "1": {
        "name": "(anonymous_1)",
        "decl": {
          "start": { "line": 42, "column": 43 },
          "end": { "line": 42, "column": 44 }
        },
        "loc": {
          "start": { "line": 45, "column": 8 },
          "end": { "line": 50, "column": 3 }
        },
        "line": 45
      },
      "2": {
        "name": "(anonymous_2)",
        "decl": {
          "start": { "line": 54, "column": 15 },
          "end": { "line": 54, "column": 16 }
        },
        "loc": {
          "start": { "line": 54, "column": 45 },
          "end": { "line": 68, "column": 5 }
        },
        "line": 54
      },
      "3": {
        "name": "(anonymous_3)",
        "decl": {
          "start": { "line": 83, "column": 15 },
          "end": { "line": 83, "column": 16 }
        },
        "loc": {
          "start": { "line": 83, "column": 21 },
          "end": { "line": 99, "column": 5 }
        },
        "line": 83
      },
      "4": {
        "name": "(anonymous_4)",
        "decl": {
          "start": { "line": 106, "column": 15 },
          "end": { "line": 106, "column": 16 }
        },
        "loc": {
          "start": { "line": 106, "column": 21 },
          "end": { "line": 117, "column": 5 }
        },
        "line": 106
      },
      "5": {
        "name": "(anonymous_5)",
        "decl": {
          "start": { "line": 123, "column": 17 },
          "end": { "line": 123, "column": 18 }
        },
        "loc": {
          "start": { "line": 123, "column": 47 },
          "end": { "line": 127, "column": 7 }
        },
        "line": 123
      },
      "6": {
        "name": "handleResolveContest",
        "decl": {
          "start": { "line": 130, "column": 17 },
          "end": { "line": 130, "column": 37 }
        },
        "loc": {
          "start": { "line": 130, "column": 40 },
          "end": { "line": 165, "column": 3 }
        },
        "line": 130
      },
      "7": {
        "name": "(anonymous_7)",
        "decl": {
          "start": { "line": 174, "column": 15 },
          "end": { "line": 174, "column": 16 }
        },
        "loc": {
          "start": { "line": 174, "column": 47 },
          "end": { "line": 178, "column": 5 }
        },
        "line": 174
      },
      "8": {
        "name": "(anonymous_8)",
        "decl": {
          "start": { "line": 181, "column": 12 },
          "end": { "line": 181, "column": 13 }
        },
        "loc": {
          "start": { "line": 181, "column": 18 },
          "end": { "line": 185, "column": 3 }
        },
        "line": 181
      },
      "9": {
        "name": "(anonymous_9)",
        "decl": {
          "start": { "line": 187, "column": 29 },
          "end": { "line": 187, "column": 30 }
        },
        "loc": {
          "start": { "line": 187, "column": 35 },
          "end": { "line": 189, "column": 3 }
        },
        "line": 187
      },
      "10": {
        "name": "(anonymous_10)",
        "decl": {
          "start": { "line": 266, "column": 19 },
          "end": { "line": 266, "column": 20 }
        },
        "loc": {
          "start": { "line": 266, "column": 25 },
          "end": { "line": 268, "column": 11 }
        },
        "line": 266
      }
    },
    "branchMap": {
      "0": {
        "loc": {
          "start": { "line": 46, "column": 4 },
          "end": { "line": 46, "column": 25 }
        },
        "type": "if",
        "locations": [
          {
            "start": { "line": 46, "column": 4 },
            "end": { "line": 46, "column": 25 }
          },
          { "start": {}, "end": {} }
        ],
        "line": 46
      },
      "1": {
        "loc": {
          "start": { "line": 55, "column": 6 },
          "end": { "line": 55, "column": 27 }
        },
        "type": "if",
        "locations": [
          {
            "start": { "line": 55, "column": 6 },
            "end": { "line": 55, "column": 27 }
          },
          { "start": {}, "end": {} }
        ],
        "line": 55
      },
      "2": {
        "loc": {
          "start": { "line": 60, "column": 31 },
          "end": { "line": 60, "column": 56 }
        },
        "type": "binary-expr",
        "locations": [
          {
            "start": { "line": 60, "column": 31 },
            "end": { "line": 60, "column": 51 }
          },
          {
            "start": { "line": 60, "column": 55 },
            "end": { "line": 60, "column": 56 }
          }
        ],
        "line": 60
      },
      "3": {
        "loc": {
          "start": { "line": 84, "column": 6 },
          "end": { "line": 84, "column": 27 }
        },
        "type": "if",
        "locations": [
          {
            "start": { "line": 84, "column": 6 },
            "end": { "line": 84, "column": 27 }
          },
          { "start": {}, "end": {} }
        ],
        "line": 84
      },
      "4": {
        "loc": {
          "start": { "line": 107, "column": 6 },
          "end": { "line": 107, "column": 71 }
        },
        "type": "if",
        "locations": [
          {
            "start": { "line": 107, "column": 6 },
            "end": { "line": 107, "column": 71 }
          },
          { "start": {}, "end": {} }
        ],
        "line": 107
      },
      "5": {
        "loc": {
          "start": { "line": 107, "column": 12 },
          "end": { "line": 107, "column": 61 }
        },
        "type": "binary-expr",
        "locations": [
          {
            "start": { "line": 107, "column": 12 },
            "end": { "line": 107, "column": 19 }
          },
          {
            "start": { "line": 107, "column": 23 },
            "end": { "line": 107, "column": 40 }
          },
          {
            "start": { "line": 107, "column": 44 },
            "end": { "line": 107, "column": 61 }
          }
        ],
        "line": 107
      },
      "6": {
        "loc": {
          "start": { "line": 109, "column": 6 },
          "end": { "line": 111, "column": 7 }
        },
        "type": "if",
        "locations": [
          {
            "start": { "line": 109, "column": 6 },
            "end": { "line": 111, "column": 7 }
          },
          { "start": {}, "end": {} }
        ],
        "line": 109
      },
      "7": {
        "loc": {
          "start": { "line": 109, "column": 12 },
          "end": { "line": 109, "column": 82 }
        },
        "type": "binary-expr",
        "locations": [
          {
            "start": { "line": 109, "column": 12 },
            "end": { "line": 109, "column": 45 }
          },
          {
            "start": { "line": 109, "column": 49 },
            "end": { "line": 109, "column": 82 }
          }
        ],
        "line": 109
      },
      "8": {
        "loc": {
          "start": { "line": 124, "column": 8 },
          "end": { "line": 124, "column": 29 }
        },
        "type": "if",
        "locations": [
          {
            "start": { "line": 124, "column": 8 },
            "end": { "line": 124, "column": 29 }
          },
          { "start": {}, "end": {} }
        ],
        "line": 124
      },
      "9": {
        "loc": {
          "start": { "line": 134, "column": 4 },
          "end": { "line": 134, "column": 41 }
        },
        "type": "if",
        "locations": [
          {
            "start": { "line": 134, "column": 4 },
            "end": { "line": 134, "column": 41 }
          },
          { "start": {}, "end": {} }
        ],
        "line": 134
      },
      "10": {
        "loc": {
          "start": { "line": 136, "column": 26 },
          "end": { "line": 136, "column": 60 }
        },
        "type": "binary-expr",
        "locations": [
          {
            "start": { "line": 136, "column": 26 },
            "end": { "line": 136, "column": 55 }
          },
          {
            "start": { "line": 136, "column": 59 },
            "end": { "line": 136, "column": 60 }
          }
        ],
        "line": 136
      },
      "11": {
        "loc": {
          "start": { "line": 138, "column": 4 },
          "end": { "line": 148, "column": 5 }
        },
        "type": "if",
        "locations": [
          {
            "start": { "line": 138, "column": 4 },
            "end": { "line": 148, "column": 5 }
          },
          { "start": {}, "end": {} }
        ],
        "line": 138
      },
      "12": {
        "loc": {
          "start": { "line": 139, "column": 6 },
          "end": { "line": 141, "column": 23 }
        },
        "type": "binary-expr",
        "locations": [
          {
            "start": { "line": 139, "column": 6 },
            "end": { "line": 139, "column": 38 }
          },
          {
            "start": { "line": 140, "column": 6 },
            "end": { "line": 140, "column": 83 }
          },
          {
            "start": { "line": 141, "column": 6 },
            "end": { "line": 141, "column": 23 }
          }
        ],
        "line": 139
      },
      "13": {
        "loc": {
          "start": { "line": 140, "column": 7 },
          "end": { "line": 140, "column": 57 }
        },
        "type": "binary-expr",
        "locations": [
          {
            "start": { "line": 140, "column": 7 },
            "end": { "line": 140, "column": 52 }
          },
          {
            "start": { "line": 140, "column": 56 },
            "end": { "line": 140, "column": 57 }
          }
        ],
        "line": 140
      },
      "14": {
        "loc": {
          "start": { "line": 150, "column": 4 },
          "end": { "line": 160, "column": 5 }
        },
        "type": "if",
        "locations": [
          {
            "start": { "line": 150, "column": 4 },
            "end": { "line": 160, "column": 5 }
          },
          { "start": {}, "end": {} }
        ],
        "line": 150
      },
      "15": {
        "loc": {
          "start": { "line": 151, "column": 6 },
          "end": { "line": 153, "column": 23 }
        },
        "type": "binary-expr",
        "locations": [
          {
            "start": { "line": 151, "column": 6 },
            "end": { "line": 151, "column": 38 }
          },
          {
            "start": { "line": 152, "column": 6 },
            "end": { "line": 152, "column": 83 }
          },
          {
            "start": { "line": 153, "column": 6 },
            "end": { "line": 153, "column": 23 }
          }
        ],
        "line": 151
      },
      "16": {
        "loc": {
          "start": { "line": 152, "column": 7 },
          "end": { "line": 152, "column": 57 }
        },
        "type": "binary-expr",
        "locations": [
          {
            "start": { "line": 152, "column": 7 },
            "end": { "line": 152, "column": 52 }
          },
          {
            "start": { "line": 152, "column": 56 },
            "end": { "line": 152, "column": 57 }
          }
        ],
        "line": 152
      },
      "17": {
        "loc": {
          "start": { "line": 183, "column": 19 },
          "end": { "line": 183, "column": 60 }
        },
        "type": "binary-expr",
        "locations": [
          {
            "start": { "line": 183, "column": 19 },
            "end": { "line": 183, "column": 42 }
          },
          {
            "start": { "line": 183, "column": 46 },
            "end": { "line": 183, "column": 60 }
          }
        ],
        "line": 183
      },
      "18": {
        "loc": {
          "start": { "line": 196, "column": 7 },
          "end": { "line": 200, "column": 7 }
        },
        "type": "binary-expr",
        "locations": [
          {
            "start": { "line": 196, "column": 7 },
            "end": { "line": 196, "column": 38 }
          },
          {
            "start": { "line": 197, "column": 8 },
            "end": { "line": 199, "column": 15 }
          }
        ],
        "line": 196
      },
      "19": {
        "loc": {
          "start": { "line": 202, "column": 7 },
          "end": { "line": 219, "column": 7 }
        },
        "type": "binary-expr",
        "locations": [
          {
            "start": { "line": 202, "column": 7 },
            "end": { "line": 202, "column": 36 }
          },
          {
            "start": { "line": 203, "column": 8 },
            "end": { "line": 218, "column": 15 }
          }
        ],
        "line": 202
      },
      "20": {
        "loc": {
          "start": { "line": 221, "column": 7 },
          "end": { "line": 225, "column": 7 }
        },
        "type": "binary-expr",
        "locations": [
          {
            "start": { "line": 221, "column": 7 },
            "end": { "line": 221, "column": 16 }
          },
          {
            "start": { "line": 222, "column": 8 },
            "end": { "line": 224, "column": 15 }
          }
        ],
        "line": 221
      },
      "21": {
        "loc": {
          "start": { "line": 227, "column": 7 },
          "end": { "line": 244, "column": 7 }
        },
        "type": "binary-expr",
        "locations": [
          {
            "start": { "line": 227, "column": 7 },
            "end": { "line": 227, "column": 14 }
          },
          {
            "start": { "line": 228, "column": 8 },
            "end": { "line": 243, "column": 15 }
          }
        ],
        "line": 227
      },
      "22": {
        "loc": {
          "start": { "line": 246, "column": 7 },
          "end": { "line": 250, "column": 7 }
        },
        "type": "binary-expr",
        "locations": [
          {
            "start": { "line": 246, "column": 7 },
            "end": { "line": 246, "column": 25 }
          },
          {
            "start": { "line": 247, "column": 8 },
            "end": { "line": 249, "column": 15 }
          }
        ],
        "line": 246
      },
      "23": {
        "loc": {
          "start": { "line": 252, "column": 7 },
          "end": { "line": 260, "column": 9 }
        },
        "type": "binary-expr",
        "locations": [
          {
            "start": { "line": 252, "column": 7 },
            "end": { "line": 252, "column": 17 }
          },
          {
            "start": { "line": 253, "column": 8 },
            "end": { "line": 253, "column": 27 }
          },
          {
            "start": { "line": 254, "column": 8 },
            "end": { "line": 254, "column": 40 }
          },
          {
            "start": { "line": 255, "column": 8 },
            "end": { "line": 255, "column": 33 }
          },
          {
            "start": { "line": 256, "column": 10 },
            "end": { "line": 259, "column": 12 }
          }
        ],
        "line": 252
      },
      "24": {
        "loc": {
          "start": { "line": 262, "column": 7 },
          "end": { "line": 270, "column": 7 }
        },
        "type": "binary-expr",
        "locations": [
          {
            "start": { "line": 262, "column": 7 },
            "end": { "line": 262, "column": 31 }
          },
          {
            "start": { "line": 263, "column": 8 },
            "end": { "line": 269, "column": 10 }
          }
        ],
        "line": 262
      },
      "25": {
        "loc": {
          "start": { "line": 272, "column": 7 },
          "end": { "line": 272, "column": 60 }
        },
        "type": "binary-expr",
        "locations": [
          {
            "start": { "line": 272, "column": 7 },
            "end": { "line": 272, "column": 17 }
          },
          {
            "start": { "line": 272, "column": 21 },
            "end": { "line": 272, "column": 60 }
          }
        ],
        "line": 272
      }
    },
    "s": {
      "0": 0,
      "1": 0,
      "2": 0,
      "3": 0,
      "4": 0,
      "5": 0,
      "6": 0,
      "7": 0,
      "8": 0,
      "9": 0,
      "10": 0,
      "11": 0,
      "12": 0,
      "13": 0,
      "14": 0,
      "15": 0,
      "16": 0,
      "17": 0,
      "18": 0,
      "19": 0,
      "20": 0,
      "21": 0,
      "22": 0,
      "23": 0,
      "24": 0,
      "25": 0,
      "26": 0,
      "27": 0,
      "28": 0,
      "29": 0,
      "30": 0,
      "31": 0,
      "32": 0,
      "33": 0,
      "34": 0,
      "35": 0,
      "36": 0,
      "37": 0,
      "38": 0,
      "39": 0,
      "40": 0,
      "41": 0,
      "42": 0,
      "43": 0,
      "44": 0,
      "45": 0,
      "46": 0,
      "47": 0,
      "48": 0,
      "49": 0,
      "50": 0,
      "51": 0,
      "52": 0,
      "53": 0,
      "54": 0,
      "55": 0,
      "56": 0,
      "57": 0,
      "58": 0,
      "59": 0
    },
    "f": {
      "0": 0,
      "1": 0,
      "2": 0,
      "3": 0,
      "4": 0,
      "5": 0,
      "6": 0,
      "7": 0,
      "8": 0,
      "9": 0,
      "10": 0
    },
    "b": {
      "0": [0, 0],
      "1": [0, 0],
      "2": [0, 0],
      "3": [0, 0],
      "4": [0, 0],
      "5": [0, 0, 0],
      "6": [0, 0],
      "7": [0, 0],
      "8": [0, 0],
      "9": [0, 0],
      "10": [0, 0],
      "11": [0, 0],
      "12": [0, 0, 0],
      "13": [0, 0],
      "14": [0, 0],
      "15": [0, 0, 0],
      "16": [0, 0],
      "17": [0, 0],
      "18": [0, 0],
      "19": [0, 0],
      "20": [0, 0],
      "21": [0, 0],
      "22": [0, 0],
      "23": [0, 0, 0, 0, 0],
      "24": [0, 0],
      "25": [0, 0]
    }
  },
  "/Users/davidmoritz/Code/react-native/rivalry-club/rivalry-club-expo/src/components/screens/CreateRivalry.tsx": {
    "path": "/Users/davidmoritz/Code/react-native/rivalry-club/rivalry-club-expo/src/components/screens/CreateRivalry.tsx",
    "statementMap": {
      "0": {
        "start": { "line": 14, "column": 17 },
        "end": { "line": 14, "column": 28 }
      },
      "1": {
        "start": { "line": 15, "column": 17 },
        "end": { "line": 15, "column": 39 }
      },
      "2": {
        "start": { "line": 16, "column": 26 },
        "end": { "line": 16, "column": 35 }
      },
      "3": {
        "start": { "line": 17, "column": 19 },
        "end": { "line": 17, "column": 32 }
      },
      "4": {
        "start": { "line": 18, "column": 38 },
        "end": { "line": 18, "column": 50 }
      },
      "5": {
        "start": { "line": 19, "column": 42 },
        "end": { "line": 19, "column": 70 }
      },
      "6": {
        "start": { "line": 20, "column": 48 },
        "end": { "line": 20, "column": 63 }
      },
      "7": {
        "start": { "line": 21, "column": 28 },
        "end": { "line": 21, "column": 57 }
      },
      "8": {
        "start": { "line": 24, "column": 17 },
        "end": { "line": 24, "column": 65 }
      },
      "9": {
        "start": { "line": 25, "column": 19 },
        "end": { "line": 25, "column": 86 }
      },
      "10": {
        "start": { "line": 27, "column": 63 },
        "end": { "line": 30, "column": 4 }
      },
      "11": {
        "start": { "line": 32, "column": 36 },
        "end": { "line": 42, "column": 4 }
      },
      "12": {
        "start": { "line": 34, "column": 6 },
        "end": { "line": 34, "column": 32 }
      },
      "13": {
        "start": { "line": 35, "column": 6 },
        "end": { "line": 35, "column": 20 }
      },
      "14": {
        "start": { "line": 38, "column": 6 },
        "end": { "line": 38, "column": 68 }
      },
      "15": {
        "start": { "line": 39, "column": 6 },
        "end": { "line": 39, "column": 58 }
      },
      "16": {
        "start": { "line": 40, "column": 6 },
        "end": { "line": 40, "column": 32 }
      },
      "17": {
        "start": { "line": 44, "column": 30 },
        "end": { "line": 70, "column": 3 }
      },
      "18": {
        "start": { "line": 45, "column": 4 },
        "end": { "line": 60, "column": 5 }
      },
      "19": {
        "start": { "line": 46, "column": 6 },
        "end": { "line": 50, "column": 9 }
      },
      "20": {
        "start": { "line": 52, "column": 21 },
        "end": { "line": 52, "column": 53 }
      },
      "21": {
        "start": { "line": 53, "column": 6 },
        "end": { "line": 53, "column": 58 }
      },
      "22": {
        "start": { "line": 53, "column": 25 },
        "end": { "line": 53, "column": 58 }
      },
      "23": {
        "start": { "line": 54, "column": 6 },
        "end": { "line": 54, "column": 55 }
      },
      "24": {
        "start": { "line": 54, "column": 17 },
        "end": { "line": 54, "column": 55 }
      },
      "25": {
        "start": { "line": 55, "column": 6 },
        "end": { "line": 55, "column": 92 }
      },
      "26": {
        "start": { "line": 55, "column": 19 },
        "end": { "line": 55, "column": 92 }
      },
      "27": {
        "start": { "line": 57, "column": 6 },
        "end": { "line": 57, "column": 25 }
      },
      "28": {
        "start": { "line": 59, "column": 6 },
        "end": { "line": 59, "column": 13 }
      },
      "29": {
        "start": { "line": 62, "column": 4 },
        "end": { "line": 62, "column": 19 }
      },
      "30": {
        "start": { "line": 63, "column": 4 },
        "end": { "line": 63, "column": 29 }
      },
      "31": {
        "start": { "line": 65, "column": 4 },
        "end": { "line": 69, "column": 7 }
      },
      "32": {
        "start": { "line": 72, "column": 25 },
        "end": { "line": 87, "column": 3 }
      },
      "33": {
        "start": { "line": 73, "column": 4 },
        "end": { "line": 86, "column": 23 }
      },
      "34": {
        "start": { "line": 74, "column": 21 },
        "end": { "line": 74, "column": 42 }
      },
      "35": {
        "start": { "line": 89, "column": 2 },
        "end": { "line": 193, "column": 4 }
      },
      "36": {
        "start": { "line": 152, "column": 36 },
        "end": { "line": 152, "column": 43 }
      }
    },
    "fnMap": {
      "0": {
        "name": "CreateRivalry",
        "decl": {
          "start": { "line": 13, "column": 16 },
          "end": { "line": 13, "column": 29 }
        },
        "loc": {
          "start": { "line": 13, "column": 32 },
          "end": { "line": 194, "column": 1 }
        },
        "line": 13
      },
      "1": {
        "name": "(anonymous_1)",
        "decl": {
          "start": { "line": 33, "column": 15 },
          "end": { "line": 33, "column": 16 }
        },
        "loc": {
          "start": { "line": 33, "column": 21 },
          "end": { "line": 36, "column": 5 }
        },
        "line": 33
      },
      "2": {
        "name": "(anonymous_2)",
        "decl": {
          "start": { "line": 37, "column": 13 },
          "end": { "line": 37, "column": 14 }
        },
        "loc": {
          "start": { "line": 37, "column": 22 },
          "end": { "line": 41, "column": 5 }
        },
        "line": 37
      },
      "3": {
        "name": "(anonymous_3)",
        "decl": {
          "start": { "line": 44, "column": 30 },
          "end": { "line": 44, "column": 31 }
        },
        "loc": {
          "start": { "line": 44, "column": 36 },
          "end": { "line": 70, "column": 3 }
        },
        "line": 44
      },
      "4": {
        "name": "(anonymous_4)",
        "decl": {
          "start": { "line": 72, "column": 25 },
          "end": { "line": 72, "column": 26 }
        },
        "loc": {
          "start": { "line": 73, "column": 4 },
          "end": { "line": 86, "column": 23 }
        },
        "line": 73
      },
      "5": {
        "name": "(anonymous_5)",
        "decl": {
          "start": { "line": 74, "column": 15 },
          "end": { "line": 74, "column": 16 }
        },
        "loc": {
          "start": { "line": 74, "column": 21 },
          "end": { "line": 74, "column": 42 }
        },
        "line": 74
      },
      "6": {
        "name": "(anonymous_6)",
        "decl": {
          "start": { "line": 152, "column": 26 },
          "end": { "line": 152, "column": 27 }
        },
        "loc": {
          "start": { "line": 152, "column": 36 },
          "end": { "line": 152, "column": 43 }
        },
        "line": 152
      }
    },
    "branchMap": {
      "0": {
        "loc": {
          "start": { "line": 24, "column": 17 },
          "end": { "line": 24, "column": 65 }
        },
        "type": "binary-expr",
        "locations": [
          {
            "start": { "line": 24, "column": 17 },
            "end": { "line": 24, "column": 36 }
          },
          {
            "start": { "line": 24, "column": 41 },
            "end": { "line": 24, "column": 64 }
          }
        ],
        "line": 24
      },
      "1": {
        "loc": {
          "start": { "line": 25, "column": 19 },
          "end": { "line": 25, "column": 86 }
        },
        "type": "binary-expr",
        "locations": [
          {
            "start": { "line": 25, "column": 19 },
            "end": { "line": 25, "column": 40 }
          },
          {
            "start": { "line": 25, "column": 45 },
            "end": { "line": 25, "column": 70 }
          },
          {
            "start": { "line": 25, "column": 75 },
            "end": { "line": 25, "column": 86 }
          }
        ],
        "line": 25
      },
      "2": {
        "loc": {
          "start": { "line": 27, "column": 16 },
          "end": { "line": 27, "column": 34 }
        },
        "type": "default-arg",
        "locations": [
          {
            "start": { "line": 27, "column": 32 },
            "end": { "line": 27, "column": 34 }
          }
        ],
        "line": 27
      },
      "3": {
        "loc": {
          "start": { "line": 39, "column": 15 },
          "end": { "line": 39, "column": 56 }
        },
        "type": "binary-expr",
        "locations": [
          {
            "start": { "line": 39, "column": 15 },
            "end": { "line": 39, "column": 26 }
          },
          {
            "start": { "line": 39, "column": 30 },
            "end": { "line": 39, "column": 56 }
          }
        ],
        "line": 39
      },
      "4": {
        "loc": {
          "start": { "line": 45, "column": 4 },
          "end": { "line": 60, "column": 5 }
        },
        "type": "if",
        "locations": [
          {
            "start": { "line": 45, "column": 4 },
            "end": { "line": 60, "column": 5 }
          },
          { "start": {}, "end": {} }
        ],
        "line": 45
      },
      "5": {
        "loc": {
          "start": { "line": 45, "column": 8 },
          "end": { "line": 45, "column": 41 }
        },
        "type": "binary-expr",
        "locations": [
          {
            "start": { "line": 45, "column": 8 },
            "end": { "line": 45, "column": 21 }
          },
          {
            "start": { "line": 45, "column": 25 },
            "end": { "line": 45, "column": 30 }
          },
          {
            "start": { "line": 45, "column": 34 },
            "end": { "line": 45, "column": 41 }
          }
        ],
        "line": 45
      },
      "6": {
        "loc": {
          "start": { "line": 53, "column": 6 },
          "end": { "line": 53, "column": 58 }
        },
        "type": "if",
        "locations": [
          {
            "start": { "line": 53, "column": 6 },
            "end": { "line": 53, "column": 58 }
          },
          { "start": {}, "end": {} }
        ],
        "line": 53
      },
      "7": {
        "loc": {
          "start": { "line": 54, "column": 6 },
          "end": { "line": 54, "column": 55 }
        },
        "type": "if",
        "locations": [
          {
            "start": { "line": 54, "column": 6 },
            "end": { "line": 54, "column": 55 }
          },
          { "start": {}, "end": {} }
        ],
        "line": 54
      },
      "8": {
        "loc": {
          "start": { "line": 55, "column": 6 },
          "end": { "line": 55, "column": 92 }
        },
        "type": "if",
        "locations": [
          {
            "start": { "line": 55, "column": 6 },
            "end": { "line": 55, "column": 92 }
          },
          { "start": {}, "end": {} }
        ],
        "line": 55
      },
      "9": {
        "loc": {
          "start": { "line": 80, "column": 25 },
          "end": { "line": 80, "column": 81 }
        },
        "type": "cond-expr",
        "locations": [
          {
            "start": { "line": 80, "column": 56 },
            "end": { "line": 80, "column": 65 }
          },
          {
            "start": { "line": 80, "column": 68 },
            "end": { "line": 80, "column": 81 }
          }
        ],
        "line": 80
      },
      "10": {
        "loc": {
          "start": { "line": 127, "column": 9 },
          "end": { "line": 133, "column": 9 }
        },
        "type": "binary-expr",
        "locations": [
          {
            "start": { "line": 127, "column": 9 },
            "end": { "line": 127, "column": 14 }
          },
          {
            "start": { "line": 128, "column": 10 },
            "end": { "line": 132, "column": 17 }
          }
        ],
        "line": 127
      },
      "11": {
        "loc": {
          "start": { "line": 135, "column": 9 },
          "end": { "line": 139, "column": 9 }
        },
        "type": "binary-expr",
        "locations": [
          {
            "start": { "line": 135, "column": 9 },
            "end": { "line": 135, "column": 20 }
          },
          {
            "start": { "line": 135, "column": 24 },
            "end": { "line": 135, "column": 46 }
          },
          {
            "start": { "line": 136, "column": 10 },
            "end": { "line": 138, "column": 17 }
          }
        ],
        "line": 135
      },
      "12": {
        "loc": {
          "start": { "line": 141, "column": 9 },
          "end": { "line": 147, "column": 9 }
        },
[...]
    "s": {
      "0": 4,
      "1": 4,
      "2": 0,
      "3": 4,
      "4": 10,
      "5": 10,
      "6": 4,
      "7": 20,
      "8": 4,
      "9": 16,
      "10": 4,
      "11": 38,
      "12": 38,
      "13": 38,
      "14": 38,
      "15": 38,
      "16": 38,
      "17": 38,
      "18": 34,
      "19": 38,
      "20": 34,
      "21": 38,
      "22": 8,
      "23": 8,
      "24": 5,
      "25": 3,
      "26": 8,
      "27": 2,
      "28": 8,
      "29": 2,
      "30": 38,
      "31": 37,
      "32": 38
    },
    "f": {
      "0": 0,
      "1": 10,
      "2": 20,
      "3": 16,
      "4": 38,
      "5": 34,
      "6": 34,
      "7": 8,
      "8": 8,
      "9": 37
    },
    "b": {
      "0": [38, 12],
      "1": [34, 11],
      "2": [34, 11],
      "3": [5, 3],
      "4": [5, 0],
      "5": [2, 6],
      "6": [2, 6]
    },
    "_coverageSchema": "1a1c01bbd47fc00a2c39e90264f33305004495a9",
    "hash": "40d79166a6613a4aa424b87d8a9dd8d1034803fe"
  },
  "/Users/davidmoritz/Code/react-native/rivalry-club/rivalry-club-expo/src/providers/scroll-view.ts": {
    "path": "/Users/davidmoritz/Code/react-native/rivalry-club/rivalry-club-expo/src/providers/scroll-view.ts",
    "statementMap": {
      "0": {
        "start": { "line": 10, "column": 37 },
        "end": { "line": 13, "column": 1 }
      },
      "1": {
        "start": { "line": 15, "column": 39 },
        "end": { "line": 15, "column": 75 }
      }
    },
    "fnMap": {},
    "branchMap": {},
    "s": { "0": 4, "1": 4 },
    "f": {},
    "b": {},
    "_coverageSchema": "1a1c01bbd47fc00a2c39e90264f33305004495a9",
    "hash": "f74051cbe7319f3d63bb31ad28c4ddbda0b8a6f7"
  },
  "/Users/davidmoritz/Code/react-native/rivalry-club/rivalry-club-expo/src/utils/index.ts": {
    "path": "/Users/davidmoritz/Code/react-native/rivalry-club/rivalry-club-expo/src/utils/index.ts",
    "statementMap": {
      "0": {
        "start": { "line": 18, "column": 24 },
        "end": { "line": 18, "column": 63 }
      },
      "1": {
        "start": { "line": 20, "column": 24 },
        "end": { "line": 20, "column": 44 }
      },
      "2": {
        "start": { "line": 22, "column": 23 },
        "end": { "line": 22, "column": 42 }
      },
      "3": {
        "start": { "line": 23, "column": 26 },
        "end": { "line": 23, "column": 48 }
      },
      "4": {
        "start": { "line": 24, "column": 26 },
        "end": { "line": 24, "column": 48 }
      },
      "5": {
        "start": { "line": 27, "column": 2 },
        "end": { "line": 27, "column": 40 }
      },
      "6": {
        "start": { "line": 31, "column": 2 },
        "end": { "line": 35, "column": 3 }
      },
      "7": {
        "start": { "line": 32, "column": 4 },
        "end": { "line": 32, "column": 32 }
      },
      "8": {
        "start": { "line": 34, "column": 4 },
        "end": { "line": 34, "column": 11 }
      },
      "9": {
        "start": { "line": 37, "column": 15 },
        "end": { "line": 37, "column": 38 }
      },
      "10": {
        "start": { "line": 38, "column": 16 },
        "end": { "line": 38, "column": 29 }
      },
      "11": {
        "start": { "line": 40, "column": 2 },
        "end": { "line": 40, "column": 34 }
      },
      "12": {
        "start": { "line": 44, "column": 16 },
        "end": { "line": 44, "column": 26 }
      },
      "13": {
        "start": { "line": 45, "column": 22 },
        "end": { "line": 45, "column": 42 }
      },
      "14": {
        "start": { "line": 47, "column": 4 },
        "end": { "line": 47, "column": 77 }
      },
      "15": {
        "start": { "line": 49, "column": 2 },
        "end": { "line": 53, "column": 5 }
      },
      "16": {
        "start": { "line": 57, "column": 2 },
        "end": { "line": 61, "column": 4 }
      },
      "17": {
        "start": { "line": 59, "column": 21 },
        "end": { "line": 59, "column": 50 }
      },
      "18": {
        "start": { "line": 65, "column": 2 },
        "end": { "line": 65, "column": 66 }
      },
      "19": {
        "start": { "line": 70, "column": 2 },
        "end": { "line": 76, "column": 27 }
      },
      "20": {
        "start": { "line": 80, "column": 2 },
        "end": { "line": 80, "column": 42 }
      },
      "21": {
        "start": { "line": 84, "column": 2 },
        "end": { "line": 84, "column": 49 }
      }
    },
    "fnMap": {
      "0": {
        "name": "contrast",
        "decl": {
          "start": { "line": 26, "column": 16 },
          "end": { "line": 26, "column": 24 }
        },
        "loc": {
          "start": { "line": 26, "column": 65 },
          "end": { "line": 28, "column": 1 }
        },
        "line": 26
      },
      "1": {
        "name": "cWarn",
        "decl": {
          "start": { "line": 30, "column": 16 },
          "end": { "line": 30, "column": 21 }
        },
        "loc": {
          "start": { "line": 30, "column": 76 },
          "end": { "line": 41, "column": 1 }
        },
        "line": 30
      },
      "2": {
        "name": "dateDisplay",
        "decl": {
          "start": { "line": 43, "column": 16 },
          "end": { "line": 43, "column": 27 }
        },
        "loc": {
          "start": { "line": 43, "column": 56 },
          "end": { "line": 54, "column": 1 }
        },
        "line": 43
      },
      "3": {
        "name": "fighterByIdFromGame",
        "decl": {
          "start": { "line": 56, "column": 16 },
          "end": { "line": 56, "column": 35 }
        },
        "loc": {
          "start": { "line": 56, "column": 83 },
          "end": { "line": 62, "column": 1 }
        },
        "line": 56
      },
      "4": {
        "name": "(anonymous_4)",
        "decl": {
          "start": { "line": 59, "column": 6 },
          "end": { "line": 59, "column": 7 }
        },
        "loc": {
          "start": { "line": 59, "column": 21 },
          "end": { "line": 59, "column": 50 }
        },
        "line": 59
      },
      "5": {
        "name": "scoreDisplay",
        "decl": {
          "start": { "line": 64, "column": 16 },
          "end": { "line": 64, "column": 28 }
        },
        "loc": {
          "start": { "line": 64, "column": 53 },
          "end": { "line": 66, "column": 1 }
        },
        "line": 64
      },
      "6": {
        "name": "sourceCase",
        "decl": {
          "start": { "line": 68, "column": 16 },
          "end": { "line": 68, "column": 26 }
        },
        "loc": {
          "start": { "line": 68, "column": 49 },
          "end": { "line": 77, "column": 1 }
        },
        "line": 68
      },
      "7": {
        "name": "lastItem",
        "decl": {
          "start": { "line": 79, "column": 16 },
          "end": { "line": 79, "column": 24 }
        },
        "loc": {
          "start": { "line": 79, "column": 56 },
          "end": { "line": 81, "column": 1 }
        },
        "line": 79
      },
      "8": {
        "name": "fighterImageSource",
        "decl": {
          "start": { "line": 83, "column": 16 },
          "end": { "line": 83, "column": 34 }
        },
        "loc": {
          "start": { "line": 83, "column": 74 },
          "end": { "line": 85, "column": 1 }
        },
        "line": 83
      }
    },
    "branchMap": {
      "0": {
        "loc": {
          "start": { "line": 27, "column": 9 },
          "end": { "line": 27, "column": 39 }
        },
        "type": "cond-expr",
        "locations": [
          {
            "start": { "line": 27, "column": 22 },
            "end": { "line": 27, "column": 29 }
          },
          {
            "start": { "line": 27, "column": 32 },
            "end": { "line": 27, "column": 39 }
          }
        ],
        "line": 27
      },
      "1": {
        "loc": {
          "start": { "line": 30, "column": 65 },
          "end": { "line": 30, "column": 74 }
        },
        "type": "default-arg",
        "locations": [
          {
            "start": { "line": 30, "column": 72 },
            "end": { "line": 30, "column": 74 }
          }
        ],
        "line": 30
      },
      "2": {
        "loc": {
          "start": { "line": 31, "column": 2 },
          "end": { "line": 35, "column": 3 }
        },
        "type": "if",
        "locations": [
          {
            "start": { "line": 31, "column": 2 },
            "end": { "line": 35, "column": 3 }
          },
          { "start": {}, "end": {} }
        ],
        "line": 31
      },
      "3": {
        "loc": {
          "start": { "line": 47, "column": 4 },
          "end": { "line": 47, "column": 77 }
        },
        "type": "cond-expr",
        "locations": [
          {
            "start": { "line": 47, "column": 56 },
            "end": { "line": 47, "column": 65 }
          },
          {
            "start": { "line": 47, "column": 68 },
            "end": { "line": 47, "column": 77 }
          }
        ],
        "line": 47
      },
      "4": {
        "loc": {
          "start": { "line": 58, "column": 4 },
          "end": { "line": 60, "column": 25 }
        },
        "type": "binary-expr",
        "locations": [
          {
            "start": { "line": 58, "column": 5 },
            "end": { "line": 60, "column": 16 }
          },
          {
            "start": { "line": 60, "column": 21 },
            "end": { "line": 60, "column": 25 }
          }
        ],
        "line": 58
      },
      "5": {
        "loc": {
          "start": { "line": 65, "column": 9 },
          "end": { "line": 65, "column": 65 }
        },
        "type": "cond-expr",
        "locations": [
          {
            "start": { "line": 65, "column": 22 },
            "end": { "line": 65, "column": 37 }
          },
          {
            "start": { "line": 65, "column": 40 },
            "end": { "line": 65, "column": 65 }
          }
        ],
        "line": 65
      },
      "6": {
        "loc": {
          "start": { "line": 80, "column": 9 },
          "end": { "line": 80, "column": 41 }
        },
        "type": "cond-expr",
        "locations": [
          {
            "start": { "line": 80, "column": 15 },
            "end": { "line": 80, "column": 34 }
          },
          {
            "start": { "line": 80, "column": 37 },
            "end": { "line": 80, "column": 41 }
          }
        ],
        "line": 80
      }
    },
    "s": {
      "0": 6,
      "1": 6,
      "2": 6,
      "3": 6,
      "4": 6,
      "5": 0,
      "6": 0,
      "7": 0,
      "8": 0,
      "9": 0,
      "10": 0,
      "11": 0,
      "12": 2,
      "13": 2,
      "14": 2,
      "15": 2,
      "16": 11,
      "17": 19,
      "18": 0,
      "19": 14,
      "20": 0,
      "21": 0
    },
    "f": {
      "0": 0,
      "1": 0,
      "2": 2,
      "3": 11,
      "4": 19,
      "5": 0,
      "6": 14,
      "7": 0,
      "8": 0
    },
    "b": {
      "0": [0, 0],
      "1": [0],
      "2": [0, 0],
      "3": [2, 0],
      "4": [11, 5],
      "5": [0, 0],
      "6": [0, 0]
    },
    "_coverageSchema": "1a1c01bbd47fc00a2c39e90264f33305004495a9",
    "hash": "7477ffa707d733a3e10421fccc06f24b80654c15"
  },
  "/Users/davidmoritz/Code/react-native/rivalry-club/rivalry-club-expo/src/utils/mockData.ts": {
    "path": "/Users/davidmoritz/Code/react-native/rivalry-club/rivalry-club-expo/src/utils/mockData.ts",
    "statementMap": {
      "0": {
        "start": { "line": 2, "column": 28 },
        "end": { "line": 87, "column": 1 }
      }
    },
    "fnMap": {},
    "branchMap": {},
    "s": { "0": 0 },
    "f": {},
    "b": {}
  },
  "/Users/davidmoritz/Code/react-native/rivalry-club/rivalry-club-expo/src/utils/preloadAssets.ts": {
    "path": "/Users/davidmoritz/Code/react-native/rivalry-club/rivalry-club-expo/src/utils/preloadAssets.ts",
    "statementMap": {
      "0": {
        "start": { "line": 10, "column": 2 },
        "end": { "line": 42, "column": 3 }
      },
      "1": {
        "start": { "line": 12, "column": 25 },
        "end": { "line": 12, "column": 53 }
      },
      "2": {
        "start": { "line": 16, "column": 26 },
        "end": { "line": 25, "column": 6 }
      },
      "3": {
        "start": { "line": 17, "column": 6 },
        "end": { "line": 24, "column": 7 }
      },
      "4": {
        "start": { "line": 18, "column": 8 },
        "end": { "line": 21, "column": 9 }
      },
      "5": {
        "start": { "line": 20, "column": 10 },
        "end": { "line": 20, "column": 40 }
      },
      "6": {
        "start": { "line": 23, "column": 8 },
        "end": { "line": 23, "column": 79 }
      },
      "7": {
        "start": { "line": 28, "column": 29 },
        "end": { "line": 36, "column": 6 }
      },
      "8": {
        "start": { "line": 29, "column": 6 },
        "end": { "line": 35, "column": 7 }
      },
      "9": {
        "start": { "line": 30, "column": 8 },
        "end": { "line": 32, "column": 9 }
      },
      "10": {
        "start": { "line": 31, "column": 10 },
        "end": { "line": 31, "column": 53 }
      },
      "11": {
        "start": { "line": 34, "column": 8 },
        "end": { "line": 34, "column": 80 }
      },
      "12": {
        "start": { "line": 38, "column": 4 },
        "end": { "line": 38, "column": 63 }
      },
      "13": {
        "start": { "line": 40, "column": 4 },
        "end": { "line": 40, "column": 77 }
      },
      "14": {
        "start": { "line": 41, "column": 4 },
        "end": { "line": 41, "column": 16 }
      },
      "15": {
        "start": { "line": 49, "column": 2 },
        "end": { "line": 52, "column": 5 }
      }
    },
    "fnMap": {
      "0": {
        "name": "preloadFighterImages",
        "decl": {
          "start": { "line": 9, "column": 22 },
          "end": { "line": 9, "column": 42 }
        },
        "loc": {
          "start": { "line": 9, "column": 60 },
          "end": { "line": 43, "column": 1 }
        },
        "line": 9
      },
      "1": {
        "name": "(anonymous_1)",
        "decl": {
          "start": { "line": 16, "column": 43 },
          "end": { "line": 16, "column": 44 }
        },
        "loc": {
          "start": { "line": 16, "column": 68 },
          "end": { "line": 25, "column": 5 }
        },
        "line": 16
      },
      "2": {
        "name": "(anonymous_2)",
        "decl": {
          "start": { "line": 28, "column": 46 },
          "end": { "line": 28, "column": 47 }
        },
        "loc": {
          "start": { "line": 28, "column": 71 },
          "end": { "line": 36, "column": 5 }
        },
        "line": 28
      },
      "3": {
        "name": "preloadAssets",
        "decl": {
          "start": { "line": 48, "column": 22 },
          "end": { "line": 48, "column": 35 }
        },
        "loc": {
          "start": { "line": 48, "column": 53 },
          "end": { "line": 53, "column": 1 }
        },
        "line": 48
      }
    },
    "branchMap": {
      "0": {
        "loc": {
          "start": { "line": 18, "column": 8 },
          "end": { "line": 21, "column": 9 }
        },
        "type": "if",
        "locations": [
          {
            "start": { "line": 18, "column": 8 },
            "end": { "line": 21, "column": 9 }
          },
          { "start": {}, "end": {} }
        ],
        "line": 18
      },
      "1": {
        "loc": {
          "start": { "line": 30, "column": 8 },
          "end": { "line": 32, "column": 9 }
        },
        "type": "if",
        "locations": [
          {
            "start": { "line": 30, "column": 8 },
            "end": { "line": 32, "column": 9 }
          },
          { "start": {}, "end": {} }
        ],
        "line": 30
      },
      "2": {
        "loc": {
          "start": { "line": 30, "column": 12 },
          "end": { "line": 30, "column": 76 }
        },
        "type": "binary-expr",
        "locations": [
          {
            "start": { "line": 30, "column": 12 },
            "end": { "line": 30, "column": 38 }
          },
          {
            "start": { "line": 30, "column": 42 },
            "end": { "line": 30, "column": 57 }
          },
          {
            "start": { "line": 30, "column": 61 },
            "end": { "line": 30, "column": 76 }
          }
        ],
        "line": 30
      }
    },
    "s": {
      "0": 9,
      "1": 9,
      "2": 9,
      "3": 45,
      "4": 45,
      "5": 45,
      "6": 1,
      "7": 9,
      "8": 45,
      "9": 45,
      "10": 0,
      "11": 0,
      "12": 9,
      "13": 0,
      "14": 0,
      "15": 1
    },
    "f": { "0": 9, "1": 45, "2": 45, "3": 1 },
    "b": { "0": [45, 0], "1": [0, 45], "2": [45, 0, 0] },
    "_coverageSchema": "1a1c01bbd47fc00a2c39e90264f33305004495a9",
    "hash": "5bf3a6bc36d50f21dc9e6ab1c858259b368400d8"
  },
  "/Users/davidmoritz/Code/react-native/rivalry-club/rivalry-club-expo/src/utils/styles.ts": {
    "path": "/Users/davidmoritz/Code/react-native/rivalry-club/rivalry-club-expo/src/utils/styles.ts",
    "statementMap": {
      "0": {
        "start": { "line": 3, "column": 22 },
        "end": { "line": 143, "column": 2 }
      },
      "1": {
        "start": { "line": 145, "column": 26 },
        "end": { "line": 151, "column": 2 }
      },
      "2": {
        "start": { "line": 153, "column": 27 },
        "end": { "line": 159, "column": 2 }
      },
      "3": {
        "start": { "line": 161, "column": 29 },
        "end": { "line": 188, "column": 2 }
      },
      "4": {
        "start": { "line": 191, "column": 17 },
        "end": { "line": 191, "column": 51 }
      },
      "5": {
        "start": { "line": 193, "column": 2 },
        "end": { "line": 193, "column": 96 }
      }
    },
    "fnMap": {
      "0": {
        "name": "containerStyle",
        "decl": {
          "start": { "line": 190, "column": 16 },
          "end": { "line": 190, "column": 30 }
        },
        "loc": {
          "start": { "line": 190, "column": 68 },
          "end": { "line": 194, "column": 1 }
        },
        "line": 190
      }
    },
    "branchMap": {
      "0": {
        "loc": {
          "start": { "line": 190, "column": 31 },
          "end": { "line": 190, "column": 49 }
        },
        "type": "default-arg",
        "locations": [
          {
            "start": { "line": 190, "column": 44 },
            "end": { "line": 190, "column": 49 }
          }
        ],
        "line": 190
      },
      "1": {
        "loc": {
          "start": { "line": 190, "column": 51 },
          "end": { "line": 190, "column": 66 }
        },
        "type": "default-arg",
        "locations": [
          {
            "start": { "line": 190, "column": 61 },
            "end": { "line": 190, "column": 66 }
          }
        ],
        "line": 190
      },
      "2": {
        "loc": {
          "start": { "line": 191, "column": 17 },
          "end": { "line": 191, "column": 51 }
        },
        "type": "cond-expr",
        "locations": [
          {
            "start": { "line": 191, "column": 27 },
            "end": { "line": 191, "column": 38 }
          },
          {
            "start": { "line": 191, "column": 41 },
            "end": { "line": 191, "column": 51 }
          }
        ],
        "line": 191
      },
      "3": {
        "loc": {
          "start": { "line": 193, "column": 41 },
          "end": { "line": 193, "column": 94 }
        },
        "type": "cond-expr",
        "locations": [
          {
            "start": { "line": 193, "column": 50 },
            "end": { "line": 193, "column": 70 }
          },
          {
            "start": { "line": 193, "column": 73 },
            "end": { "line": 193, "column": 94 }
          }
        ],
        "line": 193
      }
    },
    "s": { "0": 11, "1": 11, "2": 11, "3": 11, "4": 0, "5": 0 },
    "f": { "0": 0 },
    "b": { "0": [0], "1": [0], "2": [0, 0], "3": [0, 0] },
    "_coverageSchema": "1a1c01bbd47fc00a2c39e90264f33305004495a9",
    "hash": "e7ad55a4874f0861f9bda7c594a4168f17749d0a"
  }
}
