TN:
SF:src/axios/api.ts
FNF:0
FNH:0
DA:3,1
LF:1
LH:1
BRF:0
BRH:0
end_of_record
TN:
SF:src/axios/mutations.ts
FN:15,(anonymous_0)
FNF:1
FNH:0
FNDA:0,(anonymous_0)
DA:15,1
DA:20,0
DA:26,0
LF:3
LH:1
BRF:0
BRH:0
end_of_record
TN:
SF:src/components/common/Button.tsx
FN:16,Button
FNF:1
FNH:0
FNDA:0,Button
DA:26,0
LF:1
LH:0
BRDA:18,0,0,0
BRDA:30,1,0,0
BRDA:30,1,1,0
BRDA:47,2,0,0
BRDA:47,2,1,0
BRDA:54,3,0,0
BRDA:54,3,1,0
BRF:7
BRH:0
end_of_record
TN:
SF:src/components/common/CharacterDisplay.tsx
FN:24,CharacterDisplay
FNF:1
FNH:1
FNDA:16,CharacterDisplay
DA:25,16
DA:26,2
DA:29,14
DA:30,14
DA:31,14
DA:33,14
LF:6
LH:6
BRDA:25,0,0,2
BRDA:25,0,1,14
BRDA:30,1,0,14
BRDA:30,1,1,4
BRDA:31,2,0,14
BRDA:31,2,1,14
BRDA:31,2,2,4
BRDA:37,3,0,10
BRDA:37,3,1,4
BRDA:37,4,0,14
BRDA:37,4,1,4
BRDA:55,5,0,14
BRDA:55,5,1,1
BRF:13
BRH:13
end_of_record
TN:
SF:src/components/common/ContestRow.tsx
FN:18,ContestRow
FN:23,(anonymous_1)
FN:29,(anonymous_2)
FN:31,(anonymous_3)
FN:34,(anonymous_4)
FNF:5
FNH:3
FNDA:4,ContestRow
FNDA:2,(anonymous_1)
FNDA:2,(anonymous_2)
FNDA:0,(anonymous_3)
FNDA:0,(anonymous_4)
DA:19,4
DA:20,4
DA:21,4
DA:23,4
DA:24,2
DA:26,2
DA:29,4
DA:30,2
DA:31,0
DA:33,2
DA:34,0
DA:37,2
DA:38,2
DA:41,4
DA:43,0
DA:44,0
DA:47,0
LF:17
LH:12
BRDA:24,0,0,0
BRDA:24,0,1,2
BRDA:37,1,0,2
BRDA:37,1,1,2
BRDA:38,2,0,2
BRDA:38,2,1,2
BRDA:41,3,0,4
BRDA:41,3,1,0
BRDA:41,4,0,4
BRDA:41,4,1,2
BRDA:41,4,2,0
BRDA:43,5,0,0
BRDA:43,5,1,0
BRDA:52,6,0,0
BRDA:52,6,1,0
BRDA:53,7,0,0
BRDA:53,7,1,0
BRDA:58,8,0,0
BRDA:58,8,1,0
BRDA:59,9,0,0
BRDA:59,9,1,0
BRF:21
BRH:8
end_of_record
TN:
SF:src/components/common/HamburgerMenu.tsx
FN:8,HamburgerMenu
FN:12,(anonymous_1)
FN:25,(anonymous_2)
FN:30,(anonymous_3)
FN:35,(anonymous_4)
FN:40,(anonymous_5)
FN:48,(anonymous_6)
FN:66,(anonymous_7)
FN:73,(anonymous_8)
FNF:9
FNH:1
FNDA:6,HamburgerMenu
FNDA:0,(anonymous_1)
FNDA:0,(anonymous_2)
FNDA:0,(anonymous_3)
FNDA:0,(anonymous_4)
FNDA:0,(anonymous_5)
FNDA:0,(anonymous_6)
FNDA:0,(anonymous_7)
FNDA:0,(anonymous_8)
DA:9,6
DA:10,6
DA:12,6
DA:13,0
DA:15,0
DA:17,0
DA:19,0
DA:21,0
DA:25,6
DA:26,0
DA:27,0
DA:30,6
DA:31,0
DA:32,0
DA:35,6
DA:36,0
DA:37,0
DA:40,6
DA:41,0
DA:42,0
DA:45,6
DA:48,0
DA:66,0
DA:73,0
LF:24
LH:8
BRF:0
BRH:0
end_of_record
TN:
SF:src/components/screens/Access.tsx
FN:14,Access
FNF:1
FNH:0
FNDA:0,Access
DA:15,0
LF:1
LH:0
BRF:0
BRH:0
end_of_record
TN:
SF:src/components/screens/Auth.tsx
FN:12,Auth
FN:21,(anonymous_1)
FN:25,checkAuthStatus
FN:39,handleSignIn
FN:65,handleSignUp
FN:218,(anonymous_5)
FNF:6
FNH:4
FNDA:10,Auth
FNDA:6,(anonymous_1)
FNDA:6,checkAuthStatus
FNDA:0,handleSignIn
FNDA:0,handleSignUp
FNDA:3,(anonymous_5)
DA:13,10
DA:14,10
DA:15,10
DA:16,10
DA:17,10
DA:18,10
DA:21,10
DA:22,6
DA:26,6
DA:29,6
DA:31,6
DA:32,0
DA:35,0
DA:40,0
DA:41,0
DA:43,0
DA:44,0
DA:49,0
DA:50,0
DA:51,0
DA:54,0
DA:55,0
DA:58,0
DA:59,0
DA:61,0
DA:66,0
DA:67,0
DA:68,0
DA:71,0
DA:72,0
DA:74,0
DA:75,0
DA:80,0
DA:81,0
DA:82,0
DA:87,0
DA:88,0
DA:90,0
DA:93,0
DA:96,0
DA:97,0
DA:99,0
DA:103,10
DA:219,3
DA:220,3
LF:45
LH:14
BRDA:31,0,0,0
BRDA:31,0,1,6
BRDA:49,1,0,0
BRDA:49,1,1,0
BRDA:54,2,0,0
BRDA:54,2,1,0
BRDA:59,3,0,0
BRDA:59,3,1,0
BRDA:66,4,0,0
BRDA:66,4,1,0
BRDA:80,5,0,0
BRDA:80,5,1,0
BRDA:87,6,0,0
BRDA:87,6,1,0
BRDA:97,7,0,0
BRDA:97,7,1,0
BRDA:107,8,0,2
BRDA:107,8,1,8
BRDA:161,9,0,10
BRDA:161,9,1,2
BRDA:188,10,0,10
BRDA:188,10,1,0
BRDA:208,11,0,2
BRDA:208,11,1,8
BRDA:209,12,0,10
BRDA:209,12,1,10
BRDA:209,12,2,1
BRDA:210,13,0,10
BRDA:210,13,1,10
BRDA:210,13,2,1
BRDA:213,14,0,0
BRDA:213,14,1,10
BRDA:213,15,0,2
BRDA:213,15,1,8
BRDA:225,16,0,2
BRDA:225,16,1,8
BRF:36
BRH:19
end_of_record
TN:
SF:src/components/screens/AuthenticatedApp.tsx
FN:14,AuthenticatedApp
FNF:1
FNH:0
FNDA:0,AuthenticatedApp
DA:15,0
LF:1
LH:0
BRF:0
BRH:0
end_of_record
TN:
SF:src/components/screens/ConnectedRivalryView.tsx
FN:31,ConnectedRivalryView
FN:42,(anonymous_1)
FN:54,(anonymous_2)
FN:83,(anonymous_3)
FN:106,(anonymous_4)
FN:123,(anonymous_5)
FN:130,handleResolveContest
FN:174,(anonymous_7)
FN:181,(anonymous_8)
FN:187,(anonymous_9)
FN:266,(anonymous_10)
FNF:11
FNH:0
FNDA:0,ConnectedRivalryView
FNDA:0,(anonymous_1)
FNDA:0,(anonymous_2)
FNDA:0,(anonymous_3)
FNDA:0,(anonymous_4)
FNDA:0,(anonymous_5)
FNDA:0,handleResolveContest
FNDA:0,(anonymous_7)
FNDA:0,(anonymous_8)
FNDA:0,(anonymous_9)
FNDA:0,(anonymous_10)
DA:32,0
DA:33,0
DA:35,0
DA:36,0
DA:38,0
DA:42,0
DA:46,0
DA:48,0
DA:49,0
DA:52,0
DA:55,0
DA:60,0
DA:61,0
DA:62,0
DA:71,0
DA:76,0
DA:81,0
DA:84,0
DA:86,0
DA:90,0
DA:95,0
DA:96,0
DA:98,0
DA:102,0
DA:104,0
DA:107,0
DA:109,0
DA:110,0
DA:113,0
DA:114,0
DA:116,0
DA:121,0
DA:124,0
DA:126,0
DA:131,0
DA:132,0
DA:134,0
DA:136,0
DA:138,0
DA:143,0
DA:150,0
DA:155,0
DA:162,0
DA:164,0
DA:172,0
DA:175,0
DA:176,0
DA:177,0
DA:181,0
DA:182,0
DA:187,0
DA:188,0
DA:191,0
DA:267,0
LF:54
LH:0
BRDA:46,0,0,0
BRDA:46,0,1,0
BRDA:55,1,0,0
BRDA:55,1,1,0
BRDA:60,2,0,0
BRDA:60,2,1,0
BRDA:84,3,0,0
BRDA:84,3,1,0
BRDA:107,4,0,0
BRDA:107,4,1,0
BRDA:107,5,0,0
BRDA:107,5,1,0
BRDA:107,5,2,0
BRDA:109,6,0,0
BRDA:109,6,1,0
BRDA:109,7,0,0
BRDA:109,7,1,0
BRDA:124,8,0,0
BRDA:124,8,1,0
BRDA:134,9,0,0
BRDA:134,9,1,0
BRDA:136,10,0,0
BRDA:136,10,1,0
BRDA:138,11,0,0
BRDA:138,11,1,0
BRDA:139,12,0,0
BRDA:139,12,1,0
BRDA:139,12,2,0
BRDA:140,13,0,0
BRDA:140,13,1,0
BRDA:150,14,0,0
BRDA:150,14,1,0
BRDA:151,15,0,0
BRDA:151,15,1,0
BRDA:151,15,2,0
BRDA:152,16,0,0
BRDA:152,16,1,0
BRDA:183,17,0,0
BRDA:183,17,1,0
BRDA:196,18,0,0
BRDA:196,18,1,0
BRDA:202,19,0,0
BRDA:202,19,1,0
BRDA:221,20,0,0
BRDA:221,20,1,0
BRDA:227,21,0,0
BRDA:227,21,1,0
BRDA:246,22,0,0
BRDA:246,22,1,0
BRDA:252,23,0,0
BRDA:252,23,1,0
BRDA:252,23,2,0
BRDA:252,23,3,0
BRDA:252,23,4,0
BRDA:262,24,0,0
BRDA:262,24,1,0
BRDA:272,25,0,0
BRDA:272,25,1,0
BRF:58
BRH:0
end_of_record
TN:
SF:src/components/screens/CreateRivalry.tsx
FN:13,CreateRivalry
FN:33,(anonymous_1)
FN:37,(anonymous_2)
FN:44,(anonymous_3)
FN:72,(anonymous_4)
FN:74,(anonymous_5)
FN:152,(anonymous_6)
FNF:7
FNH:7
FNDA:10,CreateRivalry
FNDA:1,(anonymous_1)
FNDA:1,(anonymous_2)
FNDA:2,(anonymous_3)
FNDA:6,(anonymous_4)
FNDA:2,(anonymous_5)
FNDA:8,(anonymous_6)
DA:14,10
DA:15,10
DA:16,10
DA:17,10
DA:18,10
DA:19,10
DA:20,10
DA:21,10
DA:24,10
DA:25,10
DA:27,10
DA:32,10
DA:34,1
DA:35,1
DA:38,1
DA:39,1
DA:40,1
DA:44,10
DA:45,2
DA:46,0
DA:52,0
DA:53,0
DA:54,0
DA:55,0
DA:57,0
DA:59,0
DA:62,2
DA:63,2
DA:65,2
DA:72,10
DA:73,6
DA:74,2
DA:89,10
DA:152,8
LF:34
LH:27
BRDA:24,0,0,10
BRDA:24,0,1,0
BRDA:25,1,0,10
BRDA:25,1,1,0
BRDA:25,1,2,0
BRDA:27,2,0,0
BRDA:39,3,0,1
BRDA:39,3,1,0
BRDA:45,4,0,0
BRDA:45,4,1,2
BRDA:45,5,0,2
BRDA:45,5,1,2
BRDA:45,5,2,2
BRDA:53,6,0,0
BRDA:53,6,1,0
BRDA:54,7,0,0
BRDA:54,7,1,0
BRDA:55,8,0,0
BRDA:55,8,1,0
BRDA:80,9,0,3
BRDA:80,9,1,3
BRDA:127,10,0,10
BRDA:127,10,1,1
BRDA:135,11,0,10
BRDA:135,11,1,0
BRDA:135,11,2,0
BRDA:141,12,0,10
BRDA:141,12,1,10
BRDA:141,12,2,7
BRDA:141,12,3,0
BRDA:149,13,0,10
BRDA:149,13,1,7
BRDA:158,14,0,10
BRDA:158,14,1,4
BRDA:174,15,0,0
BRDA:174,15,1,4
BRDA:181,16,0,0
BRDA:181,16,1,4
BRF:38
BRH:21
end_of_record
TN:
SF:src/components/screens/GameWithCharactersDisplay.tsx
FN:25,GameWithCharactersDisplay
FN:34,(anonymous_1)
FN:37,(anonymous_2)
FNF:3
FNH:0
FNDA:0,GameWithCharactersDisplay
FNDA:0,(anonymous_1)
FNDA:0,(anonymous_2)
DA:28,0
DA:34,0
DA:37,0
LF:3
LH:0
BRDA:33,0,0,0
BRDA:33,0,1,0
BRDA:34,1,0,0
BRDA:34,1,1,0
BRDA:37,2,0,0
BRDA:37,2,1,0
BRF:6
BRH:0
end_of_record
TN:
SF:src/components/screens/Home.tsx
FN:37,Home
FN:40,(anonymous_1)
FN:67,(anonymous_2)
FN:75,(anonymous_3)
FN:82,(anonymous_4)
FN:91,(anonymous_5)
FN:105,(anonymous_6)
FNF:7
FNH:0
FNDA:0,Home
FNDA:0,(anonymous_1)
FNDA:0,(anonymous_2)
FNDA:0,(anonymous_3)
FNDA:0,(anonymous_4)
FNDA:0,(anonymous_5)
FNDA:0,(anonymous_6)
DA:38,0
DA:40,0
DA:42,0
DA:43,0
DA:44,0
DA:48,0
DA:50,0
DA:51,0
DA:62,0
DA:67,0
DA:75,0
DA:82,0
DA:91,0
DA:105,0
LF:14
LH:0
BRDA:43,0,0,0
BRDA:43,0,1,0
BRDA:50,1,0,0
BRDA:50,1,1,0
BRDA:53,2,0,0
BRDA:53,2,1,0
BRDA:64,3,0,0
BRDA:64,3,1,0
BRF:8
BRH:0
end_of_record
TN:
SF:src/components/screens/PendingRivalries.tsx
FN:13,PendingRivalries
FN:32,(anonymous_1)
FN:35,(anonymous_2)
FN:36,(anonymous_3)
FN:37,(anonymous_4)
FN:52,(anonymous_5)
FN:58,(anonymous_6)
FN:63,(anonymous_7)
FN:93,(anonymous_8)
FN:133,(anonymous_9)
FN:135,(anonymous_10)
FN:164,(anonymous_11)
FN:165,(anonymous_12)
FN:178,(anonymous_13)
FNF:14
FNH:0
FNDA:0,PendingRivalries
FNDA:0,(anonymous_1)
FNDA:0,(anonymous_2)
FNDA:0,(anonymous_3)
FNDA:0,(anonymous_4)
FNDA:0,(anonymous_5)
FNDA:0,(anonymous_6)
FNDA:0,(anonymous_7)
FNDA:0,(anonymous_8)
FNDA:0,(anonymous_9)
FNDA:0,(anonymous_10)
FNDA:0,(anonymous_11)
FNDA:0,(anonymous_12)
FNDA:0,(anonymous_13)
DA:14,0
DA:15,0
DA:16,0
DA:18,0
DA:22,0
DA:27,0
DA:32,0
DA:33,0
DA:35,0
DA:36,0
DA:37,0
DA:39,0
DA:40,0
DA:42,0
DA:43,0
DA:46,0
DA:50,0
DA:53,0
DA:54,0
DA:58,0
DA:59,0
DA:60,0
DA:63,0
DA:64,0
DA:65,0
DA:69,0
DA:93,0
DA:118,0
DA:119,0
DA:132,0
DA:133,0
DA:135,0
DA:137,0
DA:164,0
DA:166,0
DA:179,0
LF:36
LH:0
BRDA:23,0,0,0
BRDA:23,0,1,0
BRDA:24,1,0,0
BRDA:24,1,1,0
BRDA:33,2,0,0
BRDA:33,2,1,0
BRDA:33,3,0,0
BRDA:33,3,1,0
BRDA:39,4,0,0
BRDA:39,4,1,0
BRDA:42,5,0,0
BRDA:42,5,1,0
BRDA:51,6,0,0
BRDA:51,6,1,0
BRDA:64,7,0,0
BRDA:64,7,1,0
BRDA:65,8,0,0
BRDA:65,8,1,0
BRDA:66,9,0,0
BRDA:66,9,1,0
BRDA:66,10,0,0
BRDA:66,10,1,0
BRDA:66,11,0,0
BRDA:66,11,1,0
BRDA:83,12,0,0
BRDA:83,12,1,0
BRDA:87,13,0,0
BRDA:87,13,1,0
BRDA:91,14,0,0
BRDA:91,14,1,0
BRDA:96,15,0,0
BRDA:96,15,1,0
BRDA:104,16,0,0
BRDA:104,16,1,0
BRDA:118,17,0,0
BRDA:118,17,1,0
BRDA:133,18,0,0
BRDA:133,18,1,0
BRDA:135,19,0,0
BRDA:135,19,1,0
BRDA:148,20,0,0
BRDA:148,20,1,0
BRDA:148,21,0,0
BRDA:148,21,1,0
BRDA:167,22,0,0
BRDA:167,22,1,0
BRDA:175,23,0,0
BRDA:175,23,1,0
BRF:48
BRH:0
end_of_record
TN:
SF:src/components/screens/Profile.tsx
FN:12,Profile
FN:25,(anonymous_1)
FN:32,(anonymous_2)
FN:65,(anonymous_3)
FN:69,(anonymous_4)
FN:80,(anonymous_5)
FN:117,(anonymous_6)
FNF:7
FNH:5
FNDA:50,Profile
FNDA:15,(anonymous_1)
FNDA:9,(anonymous_2)
FNDA:2,(anonymous_3)
FNDA:2,(anonymous_4)
FNDA:0,(anonymous_5)
FNDA:0,(anonymous_6)
DA:13,50
DA:14,50
DA:15,50
DA:16,50
DA:17,50
DA:18,50
DA:19,50
DA:20,50
DA:21,50
DA:22,50
DA:23,50
DA:25,50
DA:26,15
DA:27,14
DA:28,14
DA:32,50
DA:33,9
DA:35,9
DA:36,3
DA:38,3
DA:41,6
DA:42,6
DA:43,6
DA:45,6
DA:46,6
DA:49,6
DA:51,6
DA:57,5
DA:58,1
DA:61,4
DA:64,4
DA:65,2
DA:66,2
DA:69,2
DA:72,2
DA:76,6
DA:80,50
DA:81,0
DA:82,0
DA:84,0
DA:85,0
DA:87,0
DA:90,0
DA:91,0
DA:93,0
DA:96,0
DA:97,0
DA:99,0
DA:102,0
DA:104,0
DA:105,0
DA:109,0
DA:110,0
DA:113,0
DA:114,0
DA:115,0
DA:116,0
DA:117,0
DA:119,0
DA:120,0
DA:122,0
DA:125,0
DA:129,50
DA:130,1
DA:140,49
DA:142,49
LF:66
LH:41
BRDA:26,0,0,14
BRDA:26,0,1,1
BRDA:27,1,0,14
BRDA:27,1,1,7
BRDA:28,2,0,14
BRDA:28,2,1,7
BRDA:33,3,0,0
BRDA:33,3,1,9
BRDA:35,4,0,3
BRDA:35,4,1,6
BRDA:35,5,0,9
BRDA:35,5,1,7
BRDA:49,6,0,6
BRDA:49,6,1,4
BRDA:57,7,0,1
BRDA:57,7,1,4
BRDA:57,8,0,5
BRDA:57,8,1,1
BRDA:64,9,0,2
BRDA:64,9,1,2
BRDA:73,10,0,2
BRDA:73,10,1,0
BRDA:84,11,0,0
BRDA:84,11,1,0
BRDA:84,12,0,0
BRDA:84,12,1,0
BRDA:84,12,2,0
BRDA:90,13,0,0
BRDA:90,13,1,0
BRDA:96,14,0,0
BRDA:96,14,1,0
BRDA:109,15,0,0
BRDA:109,15,1,0
BRDA:119,16,0,0
BRDA:119,16,1,0
BRDA:129,17,0,1
BRDA:129,17,1,49
BRDA:140,18,0,49
BRDA:140,18,1,27
BRDA:147,19,0,49
BRDA:147,19,1,22
BRDA:164,20,0,3
BRDA:164,20,1,46
BRDA:176,21,0,5
BRDA:176,21,1,44
BRDA:273,22,0,6
BRDA:273,22,1,43
BRDA:375,23,0,0
BRDA:375,23,1,49
BRF:49
BRH:33
end_of_record
TN:
SF:src/components/screens/RivalryIndex.tsx
FN:19,RivalryIndex
FN:28,handleSelectRivalry
FN:40,handleCreateRivalry
FNF:3
FNH:0
FNDA:0,RivalryIndex
FNDA:0,handleSelectRivalry
FNDA:0,handleCreateRivalry
DA:20,0
DA:21,0
DA:26,0
DA:30,0
DA:43,0
DA:46,0
DA:52,0
DA:53,0
DA:55,0
DA:56,0
DA:67,0
DA:68,0
DA:87,0
LF:13
LH:0
BRDA:43,0,0,0
BRDA:43,0,1,0
BRDA:52,1,0,0
BRDA:52,1,1,0
BRDA:53,2,0,0
BRDA:53,2,1,0
BRDA:55,3,0,0
BRDA:55,3,1,0
BRDA:60,4,0,0
BRDA:60,4,1,0
BRDA:67,5,0,0
BRDA:67,5,1,0
BRDA:98,6,0,0
BRDA:98,6,1,0
BRF:14
BRH:0
end_of_record
TN:
SF:src/components/screens/TestScreen.tsx
FN:4,TestScreen
FNF:1
FNH:0
FNDA:0,TestScreen
DA:5,0
LF:1
LH:0
BRF:0
BRH:0
end_of_record
TN:
SF:src/components/screens/parts/ContestHistoryTable.tsx
FN:24,ContestHistoryTable
FN:37,(anonymous_1)
FN:57,(anonymous_2)
FN:97,(anonymous_3)
FN:98,(anonymous_4)
FNF:5
FNH:0
FNDA:0,ContestHistoryTable
FNDA:0,(anonymous_1)
FNDA:0,(anonymous_2)
FNDA:0,(anonymous_3)
FNDA:0,(anonymous_4)
DA:34,0
DA:35,0
DA:37,0
DA:38,0
DA:40,0
DA:47,0
DA:57,0
DA:97,0
DA:99,0
LF:9
LH:0
BRDA:38,0,0,0
BRDA:38,0,1,0
BRDA:49,1,0,0
BRDA:49,1,1,0
BRDA:55,2,0,0
BRDA:55,2,1,0
BRDA:55,2,2,0
BRDA:62,3,0,0
BRDA:62,3,1,0
BRDA:66,4,0,0
BRDA:66,4,1,0
BRDA:72,5,0,0
BRDA:72,5,1,0
BRDA:83,6,0,0
BRDA:83,6,1,0
BRDA:91,7,0,0
BRDA:91,7,1,0
BRF:17
BRH:0
end_of_record
TN:
SF:src/components/screens/parts/CurrentContest.tsx
FN:20,WinnerBadge
FN:36,CurrentContest
FN:50,(anonymous_2)
FN:71,onPressResolve
FN:142,(anonymous_4)
FN:192,(anonymous_5)
FN:228,(anonymous_6)
FN:245,(anonymous_7)
FNF:8
FNH:0
FNDA:0,WinnerBadge
FNDA:0,CurrentContest
FNDA:0,(anonymous_2)
FNDA:0,onPressResolve
FNDA:0,(anonymous_4)
FNDA:0,(anonymous_5)
FNDA:0,(anonymous_6)
FNDA:0,(anonymous_7)
DA:21,0
DA:40,0
DA:41,0
DA:42,0
DA:43,0
DA:44,0
DA:46,0
DA:47,0
DA:48,0
DA:50,0
DA:51,0
DA:52,0
DA:55,0
DA:57,0
DA:58,0
DA:62,0
DA:63,0
DA:64,0
DA:65,0
DA:66,0
DA:69,0
DA:72,0
DA:74,0
DA:76,0
DA:78,0
DA:81,0
DA:143,0
DA:193,0
DA:229,0
DA:246,0
LF:30
LH:0
BRDA:51,0,0,0
BRDA:51,0,1,0
BRDA:51,1,0,0
BRDA:51,1,1,0
BRDA:57,2,0,0
BRDA:57,2,1,0
BRDA:57,3,0,0
BRDA:57,3,1,0
BRDA:62,4,0,0
BRDA:62,4,1,0
BRDA:65,5,0,0
BRDA:65,5,1,0
BRDA:66,6,0,0
BRDA:66,6,1,0
BRDA:69,7,0,0
BRDA:69,7,1,0
BRDA:72,8,0,0
BRDA:72,8,1,0
BRDA:72,9,0,0
BRDA:72,9,1,0
BRDA:72,9,2,0
BRDA:74,10,0,0
BRDA:74,10,1,0
BRDA:122,11,0,0
BRDA:122,11,1,0
BRDA:129,12,0,0
BRDA:129,12,1,0
BRDA:134,13,0,0
BRDA:134,13,1,0
BRDA:134,14,0,0
BRDA:134,14,1,0
BRDA:136,15,0,0
BRDA:136,15,1,0
BRDA:136,16,0,0
BRDA:136,16,1,0
BRDA:149,17,0,0
BRDA:149,17,1,0
BRDA:149,18,0,0
BRDA:149,18,1,0
BRDA:152,19,0,0
BRDA:152,19,1,0
BRDA:164,20,0,0
BRDA:164,20,1,0
BRDA:164,21,0,0
BRDA:164,21,1,0
BRDA:169,22,0,0
BRDA:169,22,1,0
BRDA:169,22,2,0
BRDA:173,23,0,0
BRDA:173,23,1,0
BRDA:173,23,2,0
BRDA:174,24,0,0
BRDA:174,24,1,0
BRDA:174,24,2,0
BRDA:179,25,0,0
BRDA:179,25,1,0
BRDA:184,26,0,0
BRDA:184,26,1,0
BRDA:184,27,0,0
BRDA:184,27,1,0
BRDA:186,28,0,0
BRDA:186,28,1,0
BRDA:186,29,0,0
BRDA:186,29,1,0
BRDA:199,30,0,0
BRDA:199,30,1,0
BRDA:199,31,0,0
BRDA:199,31,1,0
BRDA:202,32,0,0
BRDA:202,32,1,0
BRDA:214,33,0,0
BRDA:214,33,1,0
BRDA:214,34,0,0
BRDA:214,34,1,0
BRDA:219,35,0,0
BRDA:219,35,1,0
BRDA:219,35,2,0
BRDA:224,36,0,0
BRDA:224,36,1,0
BRDA:236,37,0,0
BRDA:236,37,1,0
BRDA:238,38,0,0
BRDA:238,38,1,0
BRDA:239,39,0,0
BRDA:239,39,1,0
BRDA:240,40,0,0
BRDA:240,40,1,0
BRDA:241,41,0,0
BRDA:241,41,1,0
BRDA:242,42,0,0
BRDA:242,42,1,0
BRDA:252,43,0,0
BRDA:252,43,1,0
BRF:93
BRH:0
end_of_record
TN:
SF:src/components/screens/parts/RivalriesTable.tsx
FN:23,RivalriesTable
FN:37,(anonymous_1)
FN:38,(anonymous_2)
FN:48,(anonymous_3)
FNF:4
FNH:0
FNDA:0,RivalriesTable
FNDA:0,(anonymous_1)
FNDA:0,(anonymous_2)
FNDA:0,(anonymous_3)
DA:24,0
DA:25,0
DA:34,0
DA:37,0
DA:40,0
DA:41,0
DA:43,0
DA:48,0
LF:8
LH:0
BRDA:24,0,0,0
BRDA:24,0,1,0
BRDA:24,1,0,0
BRDA:24,1,1,0
BRDA:41,2,0,0
BRDA:41,2,1,0
BRF:6
BRH:0
end_of_record
TN:
SF:src/components/screens/parts/RivalryRow.tsx
FN:13,formatDate
FN:40,RivalryRow
FN:48,(anonymous_2)
FNF:3
FNH:0
FNDA:0,formatDate
FNDA:0,RivalryRow
FNDA:0,(anonymous_2)
DA:14,0
DA:15,0
DA:16,0
DA:17,0
DA:19,0
DA:20,0
DA:23,0
DA:24,0
DA:27,0
DA:28,0
DA:31,0
DA:32,0
DA:34,0
DA:37,0
DA:46,0
DA:48,0
DA:49,0
DA:51,0
DA:54,0
LF:19
LH:0
BRDA:19,0,0,0
BRDA:19,0,1,0
BRDA:23,1,0,0
BRDA:23,1,1,0
BRDA:27,2,0,0
BRDA:27,2,1,0
BRDA:31,3,0,0
BRDA:31,3,1,0
BRDA:34,4,0,0
BRDA:34,4,1,0
BRDA:44,5,0,0
BRDA:49,6,0,0
BRDA:49,6,1,0
BRDA:59,7,0,0
BRDA:59,7,1,0
BRDA:62,8,0,0
BRDA:62,8,1,0
BRF:17
BRH:0
end_of_record
TN:
SF:src/components/screens/parts/RivalryView.tsx
FN:12,RivalryView
FN:19,(anonymous_1)
FN:26,(anonymous_2)
FNF:3
FNH:0
FNDA:0,RivalryView
FNDA:0,(anonymous_1)
FNDA:0,(anonymous_2)
DA:13,0
DA:15,0
DA:20,0
DA:27,0
LF:4
LH:0
BRDA:29,0,0,0
BRDA:29,0,1,0
BRF:2
BRH:0
end_of_record
TN:
SF:src/components/screens/parts/SyncedScrollView.tsx
FN:17,(anonymous_0)
FN:31,(anonymous_1)
FN:36,(anonymous_2)
FN:49,(anonymous_3)
FN:58,(anonymous_4)
FN:86,(anonymous_5)
FN:97,(anonymous_6)
FNF:7
FNH:2
FNDA:6,(anonymous_0)
FNDA:6,(anonymous_1)
FNDA:0,(anonymous_2)
FNDA:0,(anonymous_3)
FNDA:0,(anonymous_4)
FNDA:0,(anonymous_5)
FNDA:0,(anonymous_6)
DA:17,3
DA:18,6
DA:19,6
DA:25,6
DA:26,6
DA:28,6
DA:31,6
DA:33,6
DA:36,6
DA:46,0
DA:49,6
DA:51,0
DA:56,6
DA:58,6
DA:61,0
DA:63,0
DA:72,6
DA:74,6
DA:86,6
DA:89,0
DA:90,0
DA:97,6
DA:98,0
DA:101,6
LF:24
LH:17
BRDA:46,0,0,0
BRDA:46,0,1,0
BRDA:51,1,0,0
BRDA:51,1,1,0
BRDA:61,2,0,0
BRDA:61,2,1,0
BRDA:61,3,0,0
BRDA:61,3,1,0
BRDA:64,4,0,0
BRDA:64,4,1,0
BRDA:79,5,0,1
BRDA:79,5,1,5
BRDA:89,6,0,0
BRDA:89,6,1,0
BRDA:89,7,0,0
BRDA:89,7,1,0
BRDA:98,8,0,0
BRDA:98,8,1,0
BRF:18
BRH:2
end_of_record
TN:
SF:src/components/screens/parts/TierListDisplay.tsx
FN:13,TierListDisplay
FN:22,(anonymous_1)
FN:26,(anonymous_2)
FN:31,(anonymous_3)
FN:41,(anonymous_4)
FNF:5
FNH:2
FNDA:1,TierListDisplay
FNDA:1,(anonymous_1)
FNDA:0,(anonymous_2)
FNDA:0,(anonymous_3)
FNDA:0,(anonymous_4)
DA:11,2
DA:20,1
DA:22,1
DA:23,1
DA:25,0
DA:26,0
DA:28,0
DA:30,0
DA:31,0
DA:38,1
DA:42,0
LF:11
LH:5
BRDA:15,0,0,0
BRDA:23,1,0,1
BRDA:23,1,1,0
BRDA:26,2,0,0
BRDA:26,2,1,0
BRDA:26,3,0,0
BRDA:26,3,1,0
BRF:7
BRH:1
end_of_record
TN:
SF:src/components/screens/parts/TierListEditDisplay.tsx
FN:34,TierListEditDisplay
FN:39,(anonymous_1)
FN:43,(anonymous_2)
FN:49,(anonymous_3)
FN:59,(anonymous_4)
FN:67,(anonymous_5)
FN:68,(anonymous_6)
FN:75,(anonymous_7)
FN:79,(anonymous_8)
FN:82,(anonymous_9)
FN:99,(anonymous_10)
FN:109,(anonymous_11)
FN:136,(anonymous_12)
FN:176,(anonymous_13)
FNF:14
FNH:8
FNDA:8,TierListEditDisplay
FNDA:3,(anonymous_1)
FNDA:249,(anonymous_2)
FNDA:0,(anonymous_3)
FNDA:0,(anonymous_4)
FNDA:0,(anonymous_5)
FNDA:0,(anonymous_6)
FNDA:1,(anonymous_7)
FNDA:0,(anonymous_8)
FNDA:0,(anonymous_9)
FNDA:420,(anonymous_10)
FNDA:2,(anonymous_11)
FNDA:56,(anonymous_12)
FNDA:420,(anonymous_13)
DA:22,1
DA:30,1
DA:31,0
DA:35,8
DA:36,8
DA:37,8
DA:39,8
DA:40,3
DA:42,3
DA:43,249
DA:46,3
DA:49,8
DA:50,0
DA:52,0
DA:54,0
DA:55,0
DA:56,0
DA:59,0
DA:64,0
DA:67,0
DA:68,0
DA:72,0
DA:75,8
DA:76,1
DA:79,8
DA:80,0
DA:82,0
DA:83,0
DA:86,0
DA:87,0
DA:89,0
DA:93,0
DA:96,0
DA:99,8
DA:100,420
DA:101,420
DA:103,420
DA:105,420
DA:110,2
DA:112,0
DA:113,2
DA:115,1
DA:118,1
DA:134,8
DA:137,56
DA:138,56
DA:139,56
DA:141,56
DA:176,420
LF:49
LH:29
BRDA:30,0,0,0
BRDA:30,0,1,1
BRDA:30,1,0,1
BRDA:30,1,1,0
BRDA:40,2,0,0
BRDA:40,2,1,3
BRDA:43,3,0,249
BRDA:43,3,1,0
BRDA:43,4,0,249
BRDA:43,4,1,3
BRDA:50,5,0,0
BRDA:50,5,1,0
BRDA:80,6,0,0
BRDA:80,6,1,0
BRDA:83,7,0,0
BRDA:83,7,1,0
BRDA:86,8,0,0
BRDA:86,8,1,0
BRDA:101,9,0,0
BRDA:101,9,1,420
BRDA:110,10,0,0
BRDA:110,10,1,2
BRDA:110,11,0,2
BRDA:110,11,1,1
BRDA:113,12,0,1
BRDA:113,12,1,1
BRDA:113,13,0,2
BRDA:113,13,1,1
BRDA:122,14,0,1
BRDA:122,14,1,419
BRDA:123,15,0,1
BRDA:123,15,1,419
BRDA:124,16,0,1
BRDA:124,16,1,419
BRF:34
BRH:20
end_of_record
TN:
SF:src/components/screens/parts/TierListRow.tsx
FN:19,(anonymous_0)
FN:45,(anonymous_1)
FNF:2
FNH:2
FNDA:5,(anonymous_0)
FNDA:7,(anonymous_1)
DA:19,3
DA:20,5
DA:22,5
DA:46,7
DA:48,7
LF:5
LH:5
BRDA:48,0,0,6
BRDA:48,0,1,1
BRF:2
BRH:2
end_of_record
TN:
SF:src/components/screens/parts/TierListsDisplay.tsx
FN:14,TierListsDisplay
FNF:1
FNH:0
FNDA:0,TierListsDisplay
DA:15,0
DA:17,0
LF:2
LH:0
BRDA:22,0,0,0
BRDA:22,0,1,0
BRDA:29,1,0,0
BRDA:29,1,1,0
BRDA:35,2,0,0
BRDA:35,2,1,0
BRF:6
BRH:0
end_of_record
TN:
SF:src/controllers/c-fighter.ts
FN:9,useUpdateFighterViaApiMutation
FN:16,(anonymous_1)
FN:19,(anonymous_2)
FNF:3
FNH:3
FNDA:8,useUpdateFighterViaApiMutation
FNDA:3,(anonymous_1)
FNDA:1,(anonymous_2)
DA:14,8
DA:17,3
DA:20,1
LF:3
LH:3
BRDA:9,0,0,6
BRF:1
BRH:1
end_of_record
TN:
SF:src/controllers/c-rivalry.ts
FN:68,(anonymous_0)
FN:78,(anonymous_1)
FN:94,(anonymous_2)
FN:100,(anonymous_3)
FN:104,(anonymous_4)
FN:147,(anonymous_5)
FN:202,(anonymous_6)
FN:209,(anonymous_7)
FN:233,(anonymous_8)
FN:240,(anonymous_9)
FN:244,(anonymous_10)
FN:259,(anonymous_11)
FN:265,(anonymous_12)
FN:269,(anonymous_13)
FN:288,(anonymous_14)
FN:295,(anonymous_15)
FN:302,(anonymous_16)
FN:327,(anonymous_17)
FN:335,(anonymous_18)
FN:343,(anonymous_19)
FN:353,(anonymous_20)
FN:359,(anonymous_21)
FN:359,(anonymous_22)
FN:364,(anonymous_23)
FN:366,(anonymous_24)
FN:373,(anonymous_25)
FN:380,(anonymous_26)
FN:424,(anonymous_27)
FN:431,(anonymous_28)
FN:438,(anonymous_29)
FN:478,(anonymous_30)
FN:483,(anonymous_31)
FN:490,(anonymous_32)
FN:490,(anonymous_33)
FN:545,(anonymous_34)
FN:552,(anonymous_35)
FN:555,(anonymous_36)
FN:599,(anonymous_37)
FN:602,(anonymous_38)
FN:609,(anonymous_39)
FN:616,(anonymous_40)
FN:669,(anonymous_41)
FN:687,(anonymous_42)
FN:687,(anonymous_43)
FN:696,(anonymous_44)
FN:701,(anonymous_45)
FN:708,(anonymous_46)
FN:712,(anonymous_47)
FN:734,(anonymous_48)
FN:745,(anonymous_49)
FN:768,(anonymous_50)
FN:779,(anonymous_51)
FN:791,(anonymous_52)
FN:792,(anonymous_53)
FN:804,(anonymous_54)
FN:804,(anonymous_55)
FN:837,(anonymous_56)
FNF:57
FNH:20
FNDA:0,(anonymous_0)
FNDA:0,(anonymous_1)
FNDA:0,(anonymous_2)
FNDA:3,(anonymous_3)
FNDA:1,(anonymous_4)
FNDA:0,(anonymous_5)
FNDA:0,(anonymous_6)
FNDA:0,(anonymous_7)
FNDA:0,(anonymous_8)
FNDA:10,(anonymous_9)
FNDA:6,(anonymous_10)
FNDA:6,(anonymous_11)
FNDA:0,(anonymous_12)
FNDA:0,(anonymous_13)
FNDA:0,(anonymous_14)
FNDA:0,(anonymous_15)
FNDA:0,(anonymous_16)
FNDA:0,(anonymous_17)
FNDA:0,(anonymous_18)
FNDA:0,(anonymous_19)
FNDA:0,(anonymous_20)
FNDA:0,(anonymous_21)
FNDA:0,(anonymous_22)
FNDA:0,(anonymous_23)
FNDA:0,(anonymous_24)
FNDA:0,(anonymous_25)
FNDA:0,(anonymous_26)
FNDA:0,(anonymous_27)
FNDA:25,(anonymous_28)
FNDA:12,(anonymous_29)
FNDA:9,(anonymous_30)
FNDA:9,(anonymous_31)
FNDA:18,(anonymous_32)
FNDA:0,(anonymous_33)
FNDA:7,(anonymous_34)
FNDA:0,(anonymous_35)
FNDA:0,(anonymous_36)
FNDA:0,(anonymous_37)
FNDA:0,(anonymous_38)
FNDA:0,(anonymous_39)
FNDA:0,(anonymous_40)
FNDA:0,(anonymous_41)
FNDA:0,(anonymous_42)
FNDA:0,(anonymous_43)
FNDA:0,(anonymous_44)
FNDA:0,(anonymous_45)
FNDA:10,(anonymous_46)
FNDA:5,(anonymous_47)
FNDA:6,(anonymous_48)
FNDA:6,(anonymous_49)
FNDA:0,(anonymous_50)
FNDA:2,(anonymous_51)
FNDA:3,(anonymous_52)
FNDA:8,(anonymous_53)
FNDA:10,(anonymous_54)
FNDA:0,(anonymous_55)
FNDA:3,(anonymous_56)
DA:9,5
DA:11,5
DA:68,5
DA:75,0
DA:83,0
DA:88,0
DA:89,0
DA:90,0
DA:93,0
DA:94,0
DA:100,5
DA:101,3
DA:106,1
DA:126,1
DA:127,0
DA:128,0
DA:131,1
DA:132,0
DA:137,1
DA:138,1
DA:139,1
DA:140,1
DA:145,1
DA:146,0
DA:147,0
DA:149,0
DA:151,0
DA:152,0
DA:153,0
DA:157,0
DA:158,0
DA:163,1
DA:165,1
DA:166,1
DA:167,1
DA:168,2
DA:169,2
DA:170,2
DA:171,2
DA:174,2
DA:177,1
DA:179,1
DA:181,1
DA:182,1
DA:183,1
DA:184,1
DA:185,1
DA:186,1
DA:187,1
DA:188,1
DA:189,1
DA:191,0
DA:196,1
DA:202,5
DA:206,0
DA:208,0
DA:211,0
DA:212,0
DA:214,0
DA:215,0
DA:219,0
DA:227,0
DA:228,0
DA:231,0
DA:234,0
DA:235,0
DA:240,5
DA:241,10
DA:243,10
DA:247,6
DA:251,6
DA:253,6
DA:254,0
DA:257,6
DA:260,6
DA:265,5
DA:266,0
DA:268,0
DA:270,0
DA:272,0
DA:273,0
DA:276,0
DA:282,0
DA:283,0
DA:286,0
DA:289,0
DA:290,0
DA:295,5
DA:299,0
DA:301,0
DA:303,0
DA:305,0
DA:306,0
DA:310,0
DA:321,0
DA:322,0
DA:325,0
DA:328,0
DA:329,0
DA:330,0
DA:335,5
DA:340,0
DA:342,0
DA:344,0
DA:346,0
DA:347,0
DA:350,0
DA:353,0
DA:354,0
DA:357,0
DA:359,0
DA:360,0
DA:361,0
DA:364,0
DA:367,0
DA:368,0
DA:373,5
DA:377,0
DA:379,0
DA:381,0
DA:382,0
DA:386,0
DA:387,0
DA:390,0
DA:391,0
DA:392,0
DA:394,0
DA:395,0
DA:396,0
DA:400,0
DA:401,0
DA:403,0
DA:404,0
DA:405,0
DA:408,0
DA:409,0
DA:412,0
DA:418,0
DA:419,0
DA:422,0
DA:425,0
DA:426,0
DA:431,5
DA:435,25
DA:437,25
DA:439,12
DA:440,1
DA:444,11
DA:445,11
DA:447,11
DA:448,1
DA:451,10
DA:452,1
DA:456,9
DA:461,9
DA:462,9
DA:466,9
DA:472,9
DA:473,9
DA:476,9
DA:479,9
DA:484,9
DA:489,9
DA:490,18
DA:492,9
DA:493,0
DA:497,9
DA:508,9
DA:509,1
DA:513,8
DA:519,8
DA:520,0
DA:524,8
DA:530,8
DA:531,0
DA:535,8
DA:539,8
DA:540,1
DA:543,7
DA:546,7
DA:547,7
DA:552,5
DA:553,0
DA:556,0
DA:559,0
DA:579,0
DA:598,0
DA:600,0
DA:602,0
DA:609,5
DA:613,0
DA:615,0
DA:618,0
DA:626,0
DA:627,0
DA:628,0
DA:632,0
DA:636,0
DA:637,0
DA:638,0
DA:641,0
DA:642,0
DA:643,0
DA:647,0
DA:660,0
DA:661,0
DA:665,0
DA:669,0
DA:686,0
DA:687,0
DA:689,0
DA:690,0
DA:691,0
DA:694,0
DA:697,0
DA:698,0
DA:699,0
DA:702,0
DA:703,0
DA:708,5
DA:709,10
DA:711,10
DA:714,5
DA:718,5
DA:719,2
DA:722,3
DA:725,3
DA:729,3
DA:730,0
DA:734,3
DA:735,6
DA:741,6
DA:745,3
DA:747,6
DA:753,6
DA:754,0
DA:759,6
DA:762,1
DA:766,1
DA:768,0
DA:769,0
DA:779,1
DA:780,2
DA:791,5
DA:792,5
DA:793,8
DA:803,6
DA:804,10
DA:806,6
DA:807,0
DA:810,6
DA:814,3
DA:820,3
DA:826,3
DA:831,3
DA:832,0
DA:835,3
DA:838,3
DA:839,3
DA:840,3
LF:260
LH:120
BRDA:70,0,0,0
BRDA:88,1,0,0
BRDA:88,1,1,0
BRDA:90,2,0,0
BRDA:90,2,1,0
BRDA:126,3,0,0
BRDA:126,3,1,1
BRDA:128,4,0,0
BRDA:128,4,1,0
BRDA:131,5,0,0
BRDA:131,5,1,1
BRDA:138,6,0,1
BRDA:138,6,1,0
BRDA:145,7,0,0
BRDA:145,7,1,1
BRDA:149,8,0,0
BRDA:149,8,1,0
BRDA:152,9,0,0
BRDA:152,9,1,0
BRDA:157,10,0,0
BRDA:157,10,1,0
BRDA:166,11,0,1
BRDA:166,11,1,0
BRDA:169,12,0,2
BRDA:169,12,1,0
BRDA:179,13,0,1
BRDA:179,13,1,0
BRDA:214,14,0,0
BRDA:214,14,1,0
BRDA:214,15,0,0
BRDA:214,15,1,0
BRDA:227,16,0,0
BRDA:227,16,1,0
BRDA:228,17,0,0
BRDA:228,17,1,0
BRDA:253,18,0,0
BRDA:253,18,1,6
BRDA:254,19,0,0
BRDA:254,19,1,0
BRDA:272,20,0,0
BRDA:272,20,1,0
BRDA:282,21,0,0
BRDA:282,21,1,0
BRDA:283,22,0,0
BRDA:283,22,1,0
BRDA:305,23,0,0
BRDA:305,23,1,0
BRDA:305,24,0,0
BRDA:305,24,1,0
BRDA:321,25,0,0
BRDA:321,25,1,0
BRDA:321,26,0,0
BRDA:321,26,1,0
BRDA:344,27,0,0
BRDA:344,27,1,0
BRDA:346,28,0,0
BRDA:346,28,1,0
BRDA:360,29,0,0
BRDA:360,29,1,0
BRDA:361,30,0,0
BRDA:361,30,1,0
BRDA:381,31,0,0
BRDA:381,31,1,0
BRDA:394,32,0,0
BRDA:394,32,1,0
BRDA:394,32,2,0
BRDA:403,33,0,0
BRDA:403,33,1,0
BRDA:403,33,2,0
BRDA:408,34,0,0
BRDA:408,34,1,0
BRDA:408,35,0,0
BRDA:408,35,1,0
BRDA:418,36,0,0
BRDA:418,36,1,0
BRDA:419,37,0,0
BRDA:419,37,1,0
BRDA:439,38,0,1
BRDA:439,38,1,11
BRDA:447,39,0,1
BRDA:447,39,1,10
BRDA:447,40,0,11
BRDA:447,40,1,10
BRDA:451,41,0,1
BRDA:451,41,1,9
BRDA:477,42,0,9
BRDA:477,42,1,0
BRDA:482,43,0,9
BRDA:482,43,1,0
BRDA:492,44,0,0
BRDA:492,44,1,9
BRDA:493,45,0,0
BRDA:493,45,1,0
BRDA:508,46,0,1
BRDA:508,46,1,8
BRDA:508,47,0,9
BRDA:508,47,1,8
BRDA:519,48,0,0
BRDA:519,48,1,8
BRDA:520,49,0,0
BRDA:520,49,1,0
BRDA:527,50,0,8
BRDA:527,50,1,0
BRDA:530,51,0,0
BRDA:530,51,1,8
BRDA:531,52,0,0
BRDA:531,52,1,0
BRDA:539,53,0,1
BRDA:539,53,1,7
BRDA:540,54,0,1
BRDA:540,54,1,0
BRDA:556,55,0,0
BRDA:556,55,1,0
BRDA:599,56,0,0
BRDA:599,56,1,0
BRDA:602,57,0,0
BRDA:602,57,1,0
BRDA:609,58,0,0
BRDA:626,59,0,0
BRDA:626,59,1,0
BRDA:628,60,0,0
BRDA:628,60,1,0
BRDA:636,61,0,0
BRDA:636,61,1,0
BRDA:641,62,0,0
BRDA:641,62,1,0
BRDA:641,63,0,0
BRDA:641,63,1,0
BRDA:660,64,0,0
BRDA:660,64,1,0
BRDA:660,65,0,0
BRDA:660,65,1,0
BRDA:689,66,0,0
BRDA:689,66,1,0
BRDA:718,67,0,2
BRDA:718,67,1,3
BRDA:718,68,0,5
BRDA:718,68,1,3
BRDA:719,69,0,2
BRDA:719,69,1,0
BRDA:729,70,0,0
BRDA:729,70,1,3
BRDA:729,71,0,3
BRDA:729,71,1,3
BRDA:729,71,2,3
BRDA:753,72,0,0
BRDA:753,72,1,6
BRDA:753,73,0,6
BRDA:753,73,1,6
BRDA:759,74,0,1
BRDA:759,74,1,5
BRDA:766,75,0,0
BRDA:766,75,1,1
BRDA:766,76,0,1
BRDA:766,76,1,1
BRDA:806,77,0,0
BRDA:806,77,1,6
BRDA:831,78,0,0
BRDA:831,78,1,3
BRDA:832,79,0,0
BRDA:832,79,1,0
BRF:161
BRH:48
end_of_record
TN:
SF:src/controllers/c-user.ts
FN:25,(anonymous_0)
FN:30,(anonymous_1)
FN:113,(anonymous_2)
FN:116,(anonymous_3)
FN:122,(anonymous_4)
FN:126,(anonymous_5)
FN:149,(anonymous_6)
FN:150,(anonymous_7)
FN:157,(anonymous_8)
FN:160,(anonymous_9)
FN:189,(anonymous_10)
FN:190,(anonymous_11)
FN:225,(anonymous_12)
FN:233,(anonymous_13)
FN:234,(anonymous_14)
FN:235,(anonymous_15)
FNF:16
FNH:0
FNDA:0,(anonymous_0)
FNDA:0,(anonymous_1)
FNDA:0,(anonymous_2)
FNDA:0,(anonymous_3)
FNDA:0,(anonymous_4)
FNDA:0,(anonymous_5)
FNDA:0,(anonymous_6)
FNDA:0,(anonymous_7)
FNDA:0,(anonymous_8)
FNDA:0,(anonymous_9)
FNDA:0,(anonymous_10)
FNDA:0,(anonymous_11)
FNDA:0,(anonymous_12)
FNDA:0,(anonymous_13)
FNDA:0,(anonymous_14)
FNDA:0,(anonymous_15)
DA:8,3
DA:25,3
DA:28,0
DA:31,0
DA:34,0
DA:53,0
DA:54,0
DA:55,0
DA:59,0
DA:60,0
DA:63,0
DA:83,0
DA:102,0
DA:109,0
DA:113,3
DA:114,0
DA:116,0
DA:120,0
DA:123,0
DA:126,0
DA:127,0
DA:145,0
DA:148,0
DA:149,0
DA:150,0
DA:152,0
DA:157,3
DA:158,0
DA:161,0
DA:162,0
DA:165,0
DA:168,0
DA:182,0
DA:183,0
DA:184,0
DA:188,0
DA:189,0
DA:191,0
DA:192,0
DA:193,0
DA:194,0
DA:196,0
DA:199,0
DA:200,0
DA:204,0
DA:205,0
DA:209,0
DA:210,0
DA:211,0
DA:212,0
DA:215,0
DA:216,0
DA:217,0
DA:218,0
DA:221,0
DA:222,0
DA:224,0
DA:225,0
DA:226,0
DA:228,0
DA:231,0
DA:233,0
DA:234,0
DA:235,0
DA:237,0
LF:65
LH:4
BRDA:31,0,0,0
BRDA:31,0,1,0
BRDA:53,1,0,0
BRDA:53,1,1,0
BRDA:55,2,0,0
BRDA:55,2,1,0
BRDA:59,3,0,0
BRDA:59,3,1,0
BRDA:59,4,0,0
BRDA:59,4,1,0
BRDA:104,5,0,0
BRDA:104,5,1,0
BRDA:105,6,0,0
BRDA:105,6,1,0
BRDA:123,7,0,0
BRDA:123,7,1,0
BRDA:149,8,0,0
BRDA:149,8,1,0
BRDA:161,9,0,0
BRDA:161,9,1,0
BRDA:161,10,0,0
BRDA:161,10,1,0
BRDA:182,11,0,0
BRDA:182,11,1,0
BRDA:184,12,0,0
BRDA:184,12,1,0
BRDA:189,13,0,0
BRDA:189,13,1,0
BRDA:191,14,0,0
BRDA:191,14,1,0
BRDA:192,15,0,0
BRDA:192,15,1,0
BRDA:193,16,0,0
BRDA:193,16,1,0
BRDA:199,17,0,0
BRDA:199,17,1,0
BRDA:199,18,0,0
BRDA:199,18,1,0
BRDA:199,18,2,0
BRDA:204,19,0,0
BRDA:204,19,1,0
BRDA:209,20,0,0
BRDA:209,20,1,0
BRDA:210,21,0,0
BRDA:210,21,1,0
BRDA:211,22,0,0
BRDA:211,22,1,0
BRDA:212,23,0,0
BRDA:212,23,1,0
BRDA:215,24,0,0
BRDA:215,24,1,0
BRDA:216,25,0,0
BRDA:216,25,1,0
BRDA:217,26,0,0
BRDA:217,26,1,0
BRDA:218,27,0,0
BRDA:218,27,1,0
BRDA:224,28,0,0
BRDA:224,28,1,0
BRDA:224,29,0,0
BRDA:224,29,1,0
BRDA:228,30,0,0
BRDA:228,30,1,0
BRF:63
BRH:0
end_of_record
TN:
SF:src/hooks/useAuthUser.ts
FN:25,useAuthUser
FN:32,(anonymous_1)
FN:33,(anonymous_2)
FN:39,(anonymous_3)
FN:43,(anonymous_4)
FN:46,(anonymous_5)
FN:47,fetchOrCreateUser
FNF:7
FNH:0
FNDA:0,useAuthUser
FNDA:0,(anonymous_1)
FNDA:0,(anonymous_2)
FNDA:0,(anonymous_3)
FNDA:0,(anonymous_4)
FNDA:0,(anonymous_5)
FNDA:0,fetchOrCreateUser
DA:26,0
DA:27,0
DA:28,0
DA:29,0
DA:32,0
DA:33,0
DA:34,0
DA:39,0
DA:40,0
DA:43,0
DA:46,0
DA:48,0
DA:49,0
DA:50,0
DA:53,0
DA:54,0
DA:55,0
DA:60,0
DA:61,0
DA:64,0
DA:67,0
DA:76,0
DA:77,0
DA:79,0
DA:80,0
DA:83,0
DA:85,0
DA:86,0
DA:89,0
DA:95,0
DA:96,0
DA:98,0
DA:99,0
DA:102,0
DA:103,0
DA:105,0
DA:109,0
DA:110,0
DA:112,0
DA:116,0
DA:119,0
LF:41
LH:0
BRDA:34,0,0,0
BRDA:34,0,1,0
BRDA:40,1,0,0
BRDA:40,1,1,0
BRDA:48,2,0,0
BRDA:48,2,1,0
BRDA:61,3,0,0
BRDA:61,3,1,0
BRDA:79,4,0,0
BRDA:79,4,1,0
BRDA:79,5,0,0
BRDA:79,5,1,0
BRDA:83,6,0,0
BRDA:83,6,1,0
BRDA:83,7,0,0
BRDA:83,7,1,0
BRDA:98,8,0,0
BRDA:98,8,1,0
BRDA:98,9,0,0
BRDA:98,9,1,0
BRDA:102,10,0,0
BRDA:102,10,1,0
BRDA:110,11,0,0
BRDA:110,11,1,0
BRF:24
BRH:0
end_of_record
TN:
SF:src/hooks/useUserRivalries.ts
FN:27,useUserRivalries
FN:32,fetchRivalries
FN:54,(anonymous_2)
FN:60,(anonymous_3)
FN:66,(anonymous_4)
FN:75,(anonymous_5)
FN:82,(anonymous_6)
FN:94,(anonymous_7)
FN:107,(anonymous_8)
FNF:9
FNH:0
FNDA:0,useUserRivalries
FNDA:0,fetchRivalries
FNDA:0,(anonymous_2)
FNDA:0,(anonymous_3)
FNDA:0,(anonymous_4)
FNDA:0,(anonymous_5)
FNDA:0,(anonymous_6)
FNDA:0,(anonymous_7)
FNDA:0,(anonymous_8)
DA:28,0
DA:29,0
DA:30,0
DA:33,0
DA:34,0
DA:36,0
DA:39,0
DA:40,0
DA:41,0
DA:43,0
DA:46,0
DA:48,0
DA:49,0
DA:53,0
DA:54,0
DA:58,0
DA:60,0
DA:61,0
DA:62,0
DA:66,0
DA:67,0
DA:70,0
DA:73,0
DA:75,0
DA:76,0
DA:77,0
DA:82,0
DA:94,0
DA:95,0
DA:98,0
DA:100,0
DA:101,0
DA:103,0
DA:107,0
DA:108,0
DA:111,0
LF:36
LH:0
BRDA:33,0,0,0
BRDA:33,0,1,0
BRDA:48,1,0,0
BRDA:48,1,1,0
BRDA:48,2,0,0
BRDA:48,2,1,0
BRDA:53,3,0,0
BRDA:53,3,1,0
BRDA:54,4,0,0
BRDA:54,4,1,0
BRDA:54,4,2,0
BRDA:76,5,0,0
BRDA:76,5,1,0
BRDA:77,6,0,0
BRDA:77,6,1,0
BRDA:87,7,0,0
BRDA:87,7,1,0
BRDA:101,8,0,0
BRDA:101,8,1,0
BRF:19
BRH:0
end_of_record
TN:
SF:src/lib/supabase.ts
FN:9,(anonymous_0)
FN:12,(anonymous_1)
FN:15,(anonymous_2)
FNF:3
FNH:0
FNDA:0,(anonymous_0)
FNDA:0,(anonymous_1)
FNDA:0,(anonymous_2)
DA:4,3
DA:5,3
DA:8,3
DA:10,0
DA:13,0
DA:16,0
DA:20,3
LF:7
LH:4
BRF:0
BRH:0
end_of_record
TN:
SF:src/models/m-contest.ts
FN:33,getMContest
FN:46,(anonymous_1)
FN:50,(anonymous_2)
FN:53,(anonymous_3)
FN:58,(anonymous_4)
FN:61,(anonymous_5)
FN:64,(anonymous_6)
FN:158,(anonymous_7)
FN:166,(anonymous_8)
FN:174,(anonymous_9)
FN:179,(anonymous_10)
FN:185,(anonymous_11)
FN:189,(anonymous_12)
FN:192,(anonymous_13)
FNF:14
FNH:11
FNDA:55,getMContest
FNDA:0,(anonymous_1)
FNDA:0,(anonymous_2)
FNDA:0,(anonymous_3)
FNDA:55,(anonymous_4)
FNDA:55,(anonymous_5)
FNDA:55,(anonymous_6)
FNDA:44,(anonymous_7)
FNDA:44,(anonymous_8)
FNDA:44,(anonymous_9)
FNDA:44,(anonymous_10)
FNDA:27,(anonymous_11)
FNDA:25,(anonymous_12)
FNDA:25,(anonymous_13)
DA:34,55
DA:47,0
DA:51,0
DA:54,0
DA:59,55
DA:62,55
DA:65,55
DA:159,44
DA:167,44
DA:175,44
DA:177,42
DA:180,44
DA:182,42
DA:186,27
DA:188,27
DA:189,25
DA:191,27
DA:192,25
DA:195,27
DA:196,3
LF:20
LH:17
BRDA:175,0,0,2
BRDA:175,0,1,42
BRDA:177,1,0,3
BRDA:177,1,1,39
BRDA:180,2,0,2
BRDA:180,2,1,42
BRDA:182,3,0,39
BRDA:182,3,1,3
BRDA:195,4,0,3
BRDA:195,4,1,24
BRDA:195,5,0,27
BRDA:195,5,1,24
BRF:12
BRH:12
end_of_record
TN:
SF:src/models/m-fighter.ts
FN:13,getMFighter
FN:21,(anonymous_1)
FN:24,(anonymous_2)
FNF:3
FNH:3
FNDA:5,getMFighter
FNDA:3,(anonymous_1)
FNDA:1,(anonymous_2)
DA:14,5
DA:20,5
DA:22,3
DA:25,1
DA:31,5
LF:5
LH:5
BRF:0
BRH:0
end_of_record
TN:
SF:src/models/m-game.ts
FN:17,getMGame
FN:21,(anonymous_1)
FN:24,(anonymous_2)
FN:29,(anonymous_3)
FN:33,(anonymous_4)
FNF:5
FNH:5
FNDA:21,getMGame
FNDA:21,(anonymous_1)
FNDA:81,(anonymous_2)
FNDA:21,(anonymous_3)
FNDA:21,(anonymous_4)
DA:12,21
DA:13,21
DA:15,21
DA:18,21
DA:22,21
DA:24,81
DA:30,21
DA:34,21
LF:8
LH:8
BRF:0
BRH:0
end_of_record
TN:
SF:src/models/m-rivalry.ts
FN:58,getMRivalry
FN:72,(anonymous_1)
FN:75,(anonymous_2)
FN:78,(anonymous_3)
FN:81,(anonymous_4)
FN:84,(anonymous_5)
FN:87,(anonymous_6)
FN:90,(anonymous_7)
FN:95,(anonymous_8)
FN:98,(anonymous_9)
FN:101,(anonymous_10)
FN:104,(anonymous_11)
FN:107,(anonymous_12)
FN:110,(anonymous_13)
FN:113,(anonymous_14)
FN:122,(anonymous_15)
FN:178,(anonymous_16)
FN:183,(anonymous_17)
FN:264,(anonymous_18)
FN:267,(anonymous_19)
FN:270,(anonymous_20)
FN:273,(anonymous_21)
FN:280,(anonymous_22)
FN:290,(anonymous_23)
FN:300,(anonymous_24)
FN:303,(anonymous_25)
FN:307,(anonymous_26)
FN:310,(anonymous_27)
FN:313,(anonymous_28)
FN:323,(anonymous_29)
FN:324,(anonymous_30)
FNF:31
FNH:23
FNDA:59,getMRivalry
FNDA:0,(anonymous_1)
FNDA:0,(anonymous_2)
FNDA:0,(anonymous_3)
FNDA:0,(anonymous_4)
FNDA:0,(anonymous_5)
FNDA:0,(anonymous_6)
FNDA:0,(anonymous_7)
FNDA:59,(anonymous_8)
FNDA:59,(anonymous_9)
FNDA:59,(anonymous_10)
FNDA:59,(anonymous_11)
FNDA:59,(anonymous_12)
FNDA:59,(anonymous_13)
FNDA:59,(anonymous_14)
FNDA:21,(anonymous_15)
FNDA:23,(anonymous_16)
FNDA:21,(anonymous_17)
FNDA:1,(anonymous_18)
FNDA:1,(anonymous_19)
FNDA:1,(anonymous_20)
FNDA:2,(anonymous_21)
FNDA:0,(anonymous_22)
FNDA:1,(anonymous_23)
FNDA:3,(anonymous_24)
FNDA:5,(anonymous_25)
FNDA:4,(anonymous_26)
FNDA:2,(anonymous_27)
FNDA:4,(anonymous_28)
FNDA:2,(anonymous_29)
FNDA:4,(anonymous_30)
DA:59,59
DA:73,0
DA:76,0
DA:79,0
DA:82,0
DA:85,0
DA:88,0
DA:91,0
DA:96,59
DA:99,59
DA:102,59
DA:105,59
DA:108,59
DA:111,59
DA:114,59
DA:123,21
DA:125,20
DA:126,20
DA:128,20
DA:136,0
DA:139,20
DA:140,20
DA:142,20
DA:143,20
DA:145,20
DA:146,16
DA:148,16
DA:150,4
DA:154,20
DA:156,9
DA:158,9
DA:160,9
DA:164,9
DA:168,7
DA:170,2
DA:171,2
DA:175,20
DA:176,20
DA:178,23
DA:179,1
DA:180,1
DA:184,21
DA:186,20
DA:187,20
DA:189,20
DA:197,0
DA:200,20
DA:201,20
DA:203,20
DA:204,20
DA:206,20
DA:207,20
DA:210,20
DA:211,20
DA:214,20
DA:215,9
DA:217,7
DA:218,2
DA:220,2
DA:226,20
DA:228,16
DA:230,16
DA:232,3
DA:233,3
DA:236,13
DA:237,13
DA:249,20
DA:250,20
DA:252,20
DA:257,20
DA:265,1
DA:268,1
DA:271,1
DA:275,2
DA:276,2
DA:278,2
DA:281,0
DA:288,0
DA:291,1
DA:292,1
DA:293,1
DA:294,1
DA:297,1
DA:298,1
DA:301,3
DA:303,5
DA:306,3
DA:307,4
DA:312,2
DA:314,4
DA:316,4
DA:317,4
DA:319,4
DA:323,2
DA:324,4
DA:326,2
DA:327,0
LF:97
LH:85
BRDA:123,0,0,1
BRDA:123,0,1,20
BRDA:123,1,0,21
BRDA:123,1,1,20
BRDA:123,1,2,20
BRDA:128,2,0,0
BRDA:128,2,1,20
BRDA:130,3,0,20
BRDA:130,3,1,20
BRDA:130,3,2,20
BRDA:130,3,3,20
BRDA:148,4,0,4
BRDA:148,4,1,12
BRDA:154,5,0,9
BRDA:154,5,1,11
BRDA:160,6,0,9
BRDA:160,6,1,9
BRDA:160,6,2,6
BRDA:160,6,3,7
BRDA:160,6,4,3
BRDA:164,7,0,7
BRDA:164,7,1,2
BRDA:165,8,0,9
BRDA:165,8,1,4
BRDA:165,8,2,7
BRDA:184,9,0,1
BRDA:184,9,1,20
BRDA:184,10,0,21
BRDA:184,10,1,21
BRDA:184,10,2,20
BRDA:189,11,0,0
BRDA:189,11,1,20
BRDA:191,12,0,20
BRDA:191,12,1,20
BRDA:191,12,2,20
BRDA:191,12,3,20
BRDA:214,13,0,9
BRDA:214,13,1,11
BRDA:215,14,0,7
BRDA:215,14,1,2
BRDA:218,15,0,2
BRDA:218,15,1,0
BRDA:230,16,0,3
BRDA:230,16,1,13
BRDA:252,17,0,0
BRDA:252,17,1,20
BRDA:252,18,0,20
BRDA:252,18,1,20
BRDA:252,18,2,20
BRDA:252,18,3,0
BRDA:257,19,0,20
BRDA:257,19,1,0
BRDA:257,20,0,20
BRDA:257,20,1,20
BRDA:257,20,2,20
BRDA:257,20,3,0
BRDA:268,21,0,1
BRDA:268,21,1,0
BRDA:268,22,0,1
BRDA:268,22,1,0
BRDA:271,23,0,1
BRDA:271,23,1,0
BRDA:271,24,0,1
BRDA:271,24,1,0
BRDA:281,25,0,0
BRDA:281,25,1,0
BRDA:291,26,0,1
BRDA:291,26,1,0
BRDA:302,27,0,3
BRDA:302,27,1,0
BRDA:303,28,0,5
BRDA:303,28,1,4
BRDA:312,29,0,2
BRDA:312,29,1,0
BRDA:314,30,0,0
BRDA:314,30,1,4
BRDA:326,31,0,0
BRDA:326,31,1,2
BRDA:326,32,0,2
BRDA:326,32,1,2
BRF:80
BRH:62
end_of_record
TN:
SF:src/models/m-tier-list.ts
FN:54,getMTierList
FN:57,(anonymous_1)
FN:71,(anonymous_2)
FN:74,(anonymous_3)
FN:79,(anonymous_4)
FN:82,(anonymous_5)
FN:86,(anonymous_6)
FN:93,(anonymous_7)
FN:96,(anonymous_8)
FN:99,(anonymous_9)
FN:102,(anonymous_10)
FN:113,(anonymous_11)
FN:135,(anonymous_12)
FN:139,(anonymous_13)
FN:145,(anonymous_14)
FN:150,(anonymous_15)
FN:152,(anonymous_16)
FN:164,(anonymous_17)
FN:171,(anonymous_18)
FN:180,(anonymous_19)
FN:190,(anonymous_20)
FN:196,(anonymous_21)
FNF:22
FNH:17
FNDA:83,getMTierList
FNDA:637,(anonymous_1)
FNDA:0,(anonymous_2)
FNDA:0,(anonymous_3)
FNDA:172,(anonymous_4)
FNDA:83,(anonymous_5)
FNDA:83,(anonymous_6)
FNDA:83,(anonymous_7)
FNDA:166,(anonymous_8)
FNDA:83,(anonymous_9)
FNDA:166,(anonymous_10)
FNDA:20,(anonymous_11)
FNDA:2,(anonymous_12)
FNDA:42,(anonymous_13)
FNDA:189,(anonymous_14)
FNDA:19,(anonymous_15)
FNDA:39,(anonymous_16)
FNDA:44,(anonymous_17)
FNDA:47,(anonymous_18)
FNDA:0,(anonymous_19)
FNDA:0,(anonymous_20)
FNDA:0,(anonymous_21)
DA:40,17
DA:56,83
DA:57,637
DA:60,83
DA:72,0
DA:75,0
DA:80,172
DA:84,83
DA:87,83
DA:89,83
DA:91,83
DA:94,83
DA:97,166
DA:100,83
DA:103,166
DA:105,166
DA:117,20
DA:120,20
DA:123,20
DA:125,20
DA:127,10
DA:131,20
DA:133,20
DA:136,2
DA:137,2
DA:139,2
DA:140,42
DA:142,42
DA:146,189
DA:151,19
DA:152,39
DA:165,44
DA:167,43
DA:169,43
DA:172,47
DA:174,47
DA:176,41
DA:178,41
DA:181,0
DA:184,0
DA:185,0
DA:186,0
DA:187,0
DA:188,0
DA:190,0
DA:194,0
DA:195,0
DA:196,0
DA:199,0
DA:201,0
DA:204,0
LF:51
LH:36
BRDA:56,0,0,83
BRDA:56,0,1,2
BRDA:80,1,0,172
BRDA:80,1,1,166
BRDA:80,1,2,4
BRDA:89,2,0,5
BRDA:89,2,1,78
BRDA:89,3,0,3
BRDA:89,3,1,75
BRDA:115,4,0,0
BRDA:123,5,0,20
BRDA:123,5,1,20
BRDA:125,6,0,10
BRDA:125,6,1,10
BRDA:127,7,0,10
BRDA:127,7,1,10
BRDA:140,8,0,42
BRDA:140,8,1,2
BRDA:142,9,0,42
BRDA:142,9,1,36
BRDA:147,10,0,189
BRDA:147,10,1,83
BRDA:147,10,2,2
BRDA:155,11,0,39
BRDA:155,11,1,21
BRDA:158,12,0,39
BRDA:158,12,1,30
BRDA:165,13,0,1
BRDA:165,13,1,43
BRDA:172,14,0,47
BRDA:172,14,1,6
BRDA:174,15,0,6
BRDA:174,15,1,41
BRDA:174,16,0,47
BRDA:174,16,1,46
BRDA:181,17,0,0
BRDA:181,17,1,0
BRDA:190,18,0,0
BRDA:190,18,1,0
BRDA:199,19,0,0
BRDA:199,19,1,0
BRF:41
BRH:34
end_of_record
TN:
SF:src/models/m-tier-slot.ts
FN:8,normalizeTierSlotPositionToIndex
FN:29,getMTierSlot
FN:39,(anonymous_2)
FN:42,(anonymous_3)
FN:49,(anonymous_4)
FN:52,(anonymous_5)
FN:57,(anonymous_6)
FN:60,(anonymous_7)
FN:67,(anonymous_8)
FNF:9
FNH:7
FNDA:62,normalizeTierSlotPositionToIndex
FNDA:646,getMTierSlot
FNDA:2,(anonymous_2)
FNDA:1,(anonymous_3)
FNDA:0,(anonymous_4)
FNDA:0,(anonymous_5)
FNDA:646,(anonymous_6)
FNDA:646,(anonymous_7)
FNDA:1292,(anonymous_8)
DA:9,62
DA:30,646
DA:40,2
DA:43,1
DA:50,0
DA:53,0
DA:58,646
DA:61,646
DA:68,1292
LF:9
LH:7
BRF:0
BRH:0
end_of_record
TN:
SF:src/models/m-user.ts
FN:18,getMUser
FN:24,(anonymous_1)
FN:28,(anonymous_2)
FN:32,(anonymous_3)
FN:46,(anonymous_4)
FNF:5
FNH:4
FNDA:14,getMUser
FNDA:14,(anonymous_1)
FNDA:14,(anonymous_2)
FNDA:6,(anonymous_3)
FNDA:0,(anonymous_4)
DA:19,14
DA:21,14
DA:25,14
DA:29,14
DA:34,6
DA:38,6
DA:39,5
DA:42,1
DA:44,0
DA:46,0
DA:47,0
DA:49,0
LF:12
LH:8
BRDA:34,0,0,3
BRDA:34,0,1,3
BRDA:38,1,0,5
BRDA:38,1,1,1
BRDA:39,2,0,5
BRDA:39,2,1,1
BRDA:42,3,0,1
BRDA:42,3,1,0
BRDA:47,4,0,0
BRDA:47,4,1,0
BRF:10
BRH:7
end_of_record
TN:
SF:src/providers/game.ts
FN:7,(anonymous_0)
FNF:1
FNH:1
FNDA:8,(anonymous_0)
DA:5,6
DA:7,8
DA:9,6
LF:3
LH:3
BRF:0
BRH:0
end_of_record
TN:
SF:src/providers/rivalry.tsx
FN:25,(anonymous_0)
FN:27,(anonymous_1)
FN:33,(anonymous_2)
FN:34,(anonymous_3)
FN:36,(anonymous_4)
FN:59,(anonymous_5)
FN:64,(anonymous_6)
FN:68,(anonymous_7)
FN:74,(anonymous_8)
FN:91,(anonymous_9)
FNF:10
FNH:9
FNDA:0,(anonymous_0)
FNDA:10,(anonymous_1)
FNDA:20,(anonymous_2)
FNDA:16,(anonymous_3)
FNDA:38,(anonymous_4)
FNDA:34,(anonymous_5)
FNDA:34,(anonymous_6)
FNDA:8,(anonymous_7)
FNDA:8,(anonymous_8)
FNDA:37,(anonymous_9)
DA:14,4
DA:23,4
DA:25,0
DA:27,4
DA:28,10
DA:30,10
DA:33,20
DA:34,16
DA:36,4
DA:49,38
DA:50,38
DA:51,38
DA:52,38
DA:55,38
DA:56,38
DA:58,38
DA:59,34
DA:63,38
DA:64,34
DA:68,38
DA:74,8
DA:75,8
DA:77,5
DA:80,3
DA:82,8
DA:83,2
DA:85,8
DA:86,2
DA:90,38
DA:91,37
DA:102,38
LF:31
LH:30
BRDA:49,0,0,38
BRDA:49,0,1,12
BRDA:59,1,0,34
BRDA:59,1,1,11
BRDA:64,2,0,34
BRDA:64,2,1,11
BRDA:75,3,0,5
BRDA:75,3,1,3
BRDA:77,4,0,5
BRDA:77,4,1,0
BRDA:82,5,0,2
BRDA:82,5,1,6
BRDA:85,6,0,2
BRDA:85,6,1,6
BRF:14
BRH:13
end_of_record
TN:
SF:src/providers/scroll-view.ts
FNF:0
FNH:0
DA:10,4
DA:15,4
LF:2
LH:2
BRF:0
BRH:0
end_of_record
TN:
SF:src/utils/index.ts
FN:26,contrast
FN:30,cWarn
FN:43,dateDisplay
FN:56,fighterByIdFromGame
FN:59,(anonymous_4)
FN:64,scoreDisplay
FN:68,sourceCase
FN:79,lastItem
FN:83,fighterImageSource
FNF:9
FNH:4
FNDA:0,contrast
FNDA:0,cWarn
FNDA:2,dateDisplay
FNDA:11,fighterByIdFromGame
FNDA:19,(anonymous_4)
FNDA:0,scoreDisplay
FNDA:14,sourceCase
FNDA:0,lastItem
FNDA:0,fighterImageSource
DA:18,6
DA:20,6
DA:22,6
DA:23,6
DA:24,6
DA:27,0
DA:31,0
DA:32,0
DA:34,0
DA:37,0
DA:38,0
DA:40,0
DA:44,2
DA:45,2
DA:47,2
DA:49,2
DA:57,11
DA:59,19
DA:65,0
DA:70,14
DA:80,0
DA:84,0
LF:22
LH:12
BRDA:27,0,0,0
BRDA:27,0,1,0
BRDA:30,1,0,0
BRDA:31,2,0,0
BRDA:31,2,1,0
BRDA:47,3,0,2
BRDA:47,3,1,0
BRDA:58,4,0,11
BRDA:58,4,1,5
BRDA:65,5,0,0
BRDA:65,5,1,0
BRDA:80,6,0,0
BRDA:80,6,1,0
BRF:13
BRH:3
end_of_record
TN:
SF:src/utils/mockData.ts
FNF:0
FNH:0
DA:2,0
LF:1
LH:0
BRF:0
BRH:0
end_of_record
TN:
SF:src/utils/preloadAssets.ts
FN:9,preloadFighterImages
FN:16,(anonymous_1)
FN:28,(anonymous_2)
FN:48,preloadAssets
FNF:4
FNH:4
FNDA:9,preloadFighterImages
FNDA:45,(anonymous_1)
FNDA:45,(anonymous_2)
FNDA:1,preloadAssets
DA:10,9
DA:12,9
DA:16,9
DA:17,45
DA:18,45
DA:20,45
DA:23,1
DA:28,9
DA:29,45
DA:30,45
DA:31,0
DA:34,0
DA:38,9
DA:40,0
DA:41,0
DA:49,1
LF:16
LH:12
BRDA:18,0,0,45
BRDA:18,0,1,0
BRDA:30,1,0,0
BRDA:30,1,1,45
BRDA:30,2,0,45
BRDA:30,2,1,0
BRDA:30,2,2,0
BRF:7
BRH:3
end_of_record
TN:
SF:src/utils/styles.ts
FN:190,containerStyle
FNF:1
FNH:0
FNDA:0,containerStyle
DA:3,11
DA:145,11
DA:153,11
DA:161,11
DA:191,0
DA:193,0
LF:6
LH:4
BRDA:190,0,0,0
BRDA:190,1,0,0
BRDA:191,2,0,0
BRDA:191,2,1,0
BRDA:193,3,0,0
BRDA:193,3,1,0
BRF:6
BRH:0
end_of_record
